#
# A fatal error has been detected by the Java Runtime Environment:
#
#  EXCEPTION_ACCESS_VIOLATION (0xc0000005) at pc=0x00000000562a50f8, pid=12276, tid=0x0000000000001c80
#
# JRE version: Java(TM) SE Runtime Environment (8.0_131-b11) (build 1.8.0_131-b11)
# Java VM: Java HotSpot(TM) 64-Bit Server VM (25.131-b11 mixed mode windows-amd64 compressed oops)
# Problematic frame:
# V  [jvm.dll+0x1150f8]
#
# Failed to write core dump. Minidumps are not enabled by default on client versions of Windows
#
# If you would like to submit a bug report, please visit:
#   http://bugreport.java.com/bugreport/crash.jsp
#

---------------  T H R E A D  ---------------

Current thread (0x0000000004ebf000):  GCTaskThread [stack: 0x0000000014cf0000,0x0000000014df0000] [id=7296]

siginfo: ExceptionCode=0xc0000005, reading address 0xffffffffffffffff

Registers:
RAX=0x0000000014ff0000, RBX=0x0000000000010000, RCX=0x0000000000000000, RDX=0x0000000000000000
RSP=0x0000000014def6d0, RBP=0x00000000d9e8b498, RSI=0x0000000004f92020, RDI=0x0000000004f92020
R8 =0x007fffffffbf6080, R9 =0x0000000100008200, R10=0x000000000000000c, R11=0x0000000056791078
R12=0x00000000d9e8b4ac, R13=0x00000001000084c8, R14=0x00000001000084d0, R15=0x00000000d9e8b468
RIP=0x00000000562a50f8, EFLAGS=0x0000000000010246

Top of Stack: (sp=0x0000000014def6d0)
0x0000000014def6d0:   0000000100008200 00000000da07439c
0x0000000014def6e0:   0000000000000009 00000000563ada92
0x0000000014def6f0:   0000000000000000 0000000004ebf510
0x0000000014def700:   0000000004eb69d0 0000000004f92020
0x0000000014def710:   0000000000000a29 0000000056588160
0x0000000014def720:   000000001a3b6188 0000000014def839
0x0000000014def730:   0000000004f92020 00000000567e46b8
0x0000000014def740:   000000001a3b1100 0000000014def839
0x0000000014def750:   0000000000000000 0000000000000004
0x0000000014def760:   0000000004f92020 00000000562a37f2
0x0000000014def770:   00000000d9ecd510 0000000000000000
0x0000000014def780:   0000000000000000 0000000004eb69d0
0x0000000014def790:   0000000004ebf520 0000000004ebf510
0x0000000014def7a0:   00000000567e46b8 0000000004f92020
0x0000000014def7b0:   0000000000000000 0000000014def839
0x0000000014def7c0:   0000000019bc5440 0000000056585410 

Instructions: (pc=0x00000000562a50f8)
0x00000000562a50d8:   05 43 76 70 00 49 c1 e8 03 49 d3 e8 41 0f b6 c0
0x00000000562a50e8:   49 c1 e8 06 24 3f 0f b6 d0 48 8b 05 58 76 70 00
0x00000000562a50f8:   4a 8b 0c c0 48 0f a3 d1 0f 82 59 01 00 00 0f b6
0x00000000562a5108:   15 a4 82 6f 00 84 d2 74 16 44 8b 43 08 8b 0d 8d 


Register to memory mapping:

RAX=0x0000000014ff0000 is an unknown value
RBX=0x0000000000010000 is an unknown value
RCX=0x0000000000000000 is an unknown value
RDX=0x0000000000000000 is an unknown value
RSP=0x0000000014def6d0 is an unknown value
RBP=0x00000000d9e8b498 is an oop

[error occurred during error reporting (printing register info), id 0xc0000005]

Stack: [0x0000000014cf0000,0x0000000014df0000],  sp=0x0000000014def6d0,  free space=1021k
Native frames: (J=compiled Java code, j=interpreted, Vv=VM code, C=native code)
V  [jvm.dll+0x1150f8]
V  [jvm.dll+0x3f8160]
V  [jvm.dll+0x3f5410]
V  [jvm.dll+0x3f302e]
V  [jvm.dll+0x29cc1a]
C  [msvcr100.dll+0x21d9f]
C  [msvcr100.dll+0x21e3b]
C  [KERNEL32.DLL+0x11fe4]
C  [ntdll.dll+0x6efc1]


---------------  P R O C E S S  ---------------

Java Threads: ( => current thread )
  0x000000001c0d6800 JavaThread "RMI TCP Connection(4)-192.168.62.1" daemon [_thread_in_native, id=11012, stack(0x000000001d7c0000,0x000000001d8c0000)]
  0x000000001c008000 JavaThread "RMI TCP Connection(3)-192.168.62.1" daemon [_thread_in_native, id=22572, stack(0x000000001d1c0000,0x000000001d2c0000)]
  0x000000001c016000 JavaThread "RMI Scheduler(0)" daemon [_thread_blocked, id=15556, stack(0x000000001d0c0000,0x000000001d1c0000)]
  0x000000001c005800 JavaThread "RMI TCP Connection(1)-127.0.0.1" daemon [_thread_in_native, id=23776, stack(0x000000001cfc0000,0x000000001d0c0000)]
  0x000000001c004000 JavaThread "background-preinit" [_thread_blocked, id=13084, stack(0x000000001cec0000,0x000000001cfc0000)]
  0x000000001be76000 JavaThread "RMI TCP Accept-0" daemon [_thread_in_native, id=5332, stack(0x000000001c980000,0x000000001ca80000)]
  0x000000001be65000 JavaThread "RMI TCP Accept-52005" daemon [_thread_in_native, id=20208, stack(0x000000001c880000,0x000000001c980000)]
  0x000000001be60000 JavaThread "RMI TCP Accept-0" daemon [_thread_in_native, id=3464, stack(0x000000001c780000,0x000000001c880000)]
  0x000000001b709800 JavaThread "Service Thread" daemon [_thread_blocked, id=27160, stack(0x000000001bb40000,0x000000001bc40000)]
  0x000000001b67a000 JavaThread "C1 CompilerThread2" daemon [_thread_blocked, id=23052, stack(0x000000001ba40000,0x000000001bb40000)]
  0x000000001b678800 JavaThread "C2 CompilerThread1" daemon [_thread_blocked, id=17904, stack(0x000000001b940000,0x000000001ba40000)]
  0x000000001b677800 JavaThread "C2 CompilerThread0" daemon [_thread_blocked, id=1184, stack(0x000000001b840000,0x000000001b940000)]
  0x000000001b5d8000 JavaThread "Monitor Ctrl-Break" daemon [_thread_in_native, id=15240, stack(0x000000001b740000,0x000000001b840000)]
  0x0000000019cfe800 JavaThread "Attach Listener" daemon [_thread_blocked, id=4532, stack(0x000000001b240000,0x000000001b340000)]
  0x0000000019cfd000 JavaThread "Signal Dispatcher" daemon [_thread_blocked, id=3284, stack(0x000000001b140000,0x000000001b240000)]
  0x0000000019ce0800 JavaThread "Finalizer" daemon [_thread_blocked, id=5664, stack(0x000000001af50000,0x000000001b050000)]
  0x0000000004f96000 JavaThread "Reference Handler" daemon [_thread_blocked, id=13756, stack(0x000000001ae50000,0x000000001af50000)]
  0x0000000004ea1800 JavaThread "main" [_thread_blocked, id=7104, stack(0x0000000004da0000,0x0000000004ea0000)]

Other Threads:
  0x0000000019cb7000 VMThread [stack: 0x000000001ad50000,0x000000001ae50000] [id=21840]
  0x000000001be78000 WatcherThread [stack: 0x000000001ca80000,0x000000001cb80000] [id=15096]

=>0x0000000004ebf000 (exited) GCTaskThread [stack: 0x0000000014cf0000,0x0000000014df0000] [id=7296]

VM state:at safepoint (normal execution)

VM Mutex/Monitor currently owned by a thread:  ([mutex/lock_event])
[0x0000000004ea0750] Threads_lock - owner thread: 0x0000000019cb7000
[0x0000000004ea0b50] Heap_lock - owner thread: 0x000000001c004000

Heap:
 PSYoungGen      total 71680K, used 5095K [0x00000000d5c00000, 0x00000000def00000, 0x0000000100000000)
  eden space 66560K, 0% used [0x00000000d5c00000,0x00000000d5c00000,0x00000000d9d00000)
  from space 5120K, 99% used [0x00000000d9d00000,0x00000000da1f9ff8,0x00000000da200000)
  to   space 8704K, 0% used [0x00000000de680000,0x00000000de680000,0x00000000def00000)
 ParOldGen       total 87552K, used 5491K [0x0000000081400000, 0x0000000086980000, 0x00000000d5c00000)
  object space 87552K, 6% used [0x0000000081400000,0x000000008195ce08,0x0000000086980000)
 Metaspace       used 20496K, capacity 21084K, committed 21248K, reserved 1067008K
  class space    used 2759K, capacity 2950K, committed 3072K, reserved 1048576K

Card table byte_map: [0x0000000014540000,0x0000000014940000] byte_map_base: 0x0000000014136000

Marking Bits: (ParMarkBitMap*) 0x00000000569ac720
 Begin Bits: [0x0000000014ff0000, 0x0000000016fa0000)
 End Bits:   [0x0000000016fa0000, 0x0000000018f50000)

Polling page: 0x0000000004c10000

CodeCache: size=245760Kb used=3735Kb max_used=3735Kb free=242025Kb
 bounds [0x0000000005180000, 0x0000000005530000, 0x0000000014180000]
 total_blobs=2064 nmethods=1671 adapters=305
 compilation: enabled

Compilation events (10 events):
Event: 3.106 Thread 0x000000001b67a000 1667       1       sun.misc.ProxyGenerator$MethodInfo::<init> (86 bytes)
Event: 3.107 Thread 0x000000001b67a000 nmethod 1667 0x00000000055219d0 code [0x0000000005521ba0, 0x0000000005522088]
Event: 3.107 Thread 0x000000001b67a000 1669       1       sun.misc.ProxyGenerator$MethodInfo::write (283 bytes)
Event: 3.110 Thread 0x000000001b67a000 nmethod 1669 0x0000000005522450 code [0x0000000005522880, 0x0000000005523fc8]
Event: 3.110 Thread 0x000000001b67a000 1668       1       sun.misc.ProxyGenerator::code_astore (11 bytes)
Event: 3.111 Thread 0x000000001b67a000 nmethod 1668 0x0000000005524fd0 code [0x0000000005525120, 0x0000000005525268]
Event: 3.111 Thread 0x000000001b67a000 1670       1       org.springframework.core.env.PropertySource$StubPropertySource::getProperty (2 bytes)
Event: 3.111 Thread 0x000000001b67a000 nmethod 1670 0x00000000055252d0 code [0x0000000005525420, 0x0000000005525530]
Event: 3.117 Thread 0x000000001b67a000 1671       1       java.lang.System::getProperty (25 bytes)
Event: 3.118 Thread 0x000000001b67a000 nmethod 1671 0x0000000005525590 code [0x0000000005525740, 0x0000000005525a28]

GC Heap History (10 events):
Event: 1.556 GC heap after
Heap after GC invocations=1 (full 0):
 PSYoungGen      total 38400K, used 4161K [0x00000000d5c00000, 0x00000000d8680000, 0x0000000100000000)
  eden space 33280K, 0% used [0x00000000d5c00000,0x00000000d5c00000,0x00000000d7c80000)
  from space 5120K, 81% used [0x00000000d7c80000,0x00000000d8090600,0x00000000d8180000)
  to   space 5120K, 0% used [0x00000000d8180000,0x00000000d8180000,0x00000000d8680000)
 ParOldGen       total 87552K, used 16K [0x0000000081400000, 0x0000000086980000, 0x00000000d5c00000)
  object space 87552K, 0% used [0x0000000081400000,0x0000000081404000,0x0000000086980000)
 Metaspace       used 10634K, capacity 10816K, committed 10880K, reserved 1058816K
  class space    used 1330K, capacity 1408K, committed 1408K, reserved 1048576K
}
Event: 1.924 GC heap before
{Heap before GC invocations=2 (full 0):
 PSYoungGen      total 38400K, used 37441K [0x00000000d5c00000, 0x00000000d8680000, 0x0000000100000000)
  eden space 33280K, 100% used [0x00000000d5c00000,0x00000000d7c80000,0x00000000d7c80000)
  from space 5120K, 81% used [0x00000000d7c80000,0x00000000d8090600,0x00000000d8180000)
  to   space 5120K, 0% used [0x00000000d8180000,0x00000000d8180000,0x00000000d8680000)
 ParOldGen       total 87552K, used 16K [0x0000000081400000, 0x0000000086980000, 0x00000000d5c00000)
  object space 87552K, 0% used [0x0000000081400000,0x0000000081404000,0x0000000086980000)
 Metaspace       used 14240K, capacity 14692K, committed 14848K, reserved 1062912K
  class space    used 1859K, capacity 2004K, committed 2048K, reserved 1048576K
Event: 1.940 GC heap after
Heap after GC invocations=2 (full 0):
 PSYoungGen      total 38400K, used 5112K [0x00000000d5c00000, 0x00000000da700000, 0x0000000100000000)
  eden space 33280K, 0% used [0x00000000d5c00000,0x00000000d5c00000,0x00000000d7c80000)
  from space 5120K, 99% used [0x00000000d8180000,0x00000000d867e3a0,0x00000000d8680000)
  to   space 5120K, 0% used [0x00000000d7c80000,0x00000000d7c80000,0x00000000d8180000)
 ParOldGen       total 87552K, used 229K [0x0000000081400000, 0x0000000086980000, 0x00000000d5c00000)
  object space 87552K, 0% used [0x0000000081400000,0x00000000814397d0,0x0000000086980000)
 Metaspace       used 14240K, capacity 14692K, committed 14848K, reserved 1062912K
  class space    used 1859K, capacity 2004K, committed 2048K, reserved 1048576K
}
Event: 2.380 GC heap before
{Heap before GC invocations=3 (full 0):
 PSYoungGen      total 38400K, used 38392K [0x00000000d5c00000, 0x00000000da700000, 0x0000000100000000)
  eden space 33280K, 100% used [0x00000000d5c00000,0x00000000d7c80000,0x00000000d7c80000)
  from space 5120K, 99% used [0x00000000d8180000,0x00000000d867e3a0,0x00000000d8680000)
  to   space 5120K, 0% used [0x00000000d7c80000,0x00000000d7c80000,0x00000000d8180000)
 ParOldGen       total 87552K, used 229K [0x0000000081400000, 0x0000000086980000, 0x00000000d5c00000)
  object space 87552K, 0% used [0x0000000081400000,0x00000000814397d0,0x0000000086980000)
 Metaspace       used 16596K, capacity 17150K, committed 17408K, reserved 1064960K
  class space    used 2279K, capacity 2451K, committed 2560K, reserved 1048576K
Event: 2.396 GC heap after
Heap after GC invocations=3 (full 0):
 PSYoungGen      total 38400K, used 5119K [0x00000000d5c00000, 0x00000000da700000, 0x0000000100000000)
  eden space 33280K, 0% used [0x00000000d5c00000,0x00000000d5c00000,0x00000000d7c80000)
  from space 5120K, 99% used [0x00000000d7c80000,0x00000000d817fd10,0x00000000d8180000)
  to   space 5120K, 0% used [0x00000000da200000,0x00000000da200000,0x00000000da700000)
 ParOldGen       total 87552K, used 1752K [0x0000000081400000, 0x0000000086980000, 0x00000000d5c00000)
  object space 87552K, 2% used [0x0000000081400000,0x00000000815b6300,0x0000000086980000)
 Metaspace       used 16596K, capacity 17150K, committed 17408K, reserved 1064960K
  class space    used 2279K, capacity 2451K, committed 2560K, reserved 1048576K
}
Event: 2.910 GC heap before
{Heap before GC invocations=4 (full 0):
 PSYoungGen      total 38400K, used 38399K [0x00000000d5c00000, 0x00000000da700000, 0x0000000100000000)
  eden space 33280K, 100% used [0x00000000d5c00000,0x00000000d7c80000,0x00000000d7c80000)
  from space 5120K, 99% used [0x00000000d7c80000,0x00000000d817fd10,0x00000000d8180000)
  to   space 5120K, 0% used [0x00000000da200000,0x00000000da200000,0x00000000da700000)
 ParOldGen       total 87552K, used 1752K [0x0000000081400000, 0x0000000086980000, 0x00000000d5c00000)
  object space 87552K, 2% used [0x0000000081400000,0x00000000815b6300,0x0000000086980000)
 Metaspace       used 19947K, capacity 20504K, committed 20864K, reserved 1067008K
  class space    used 2677K, capacity 2840K, committed 2944K, reserved 1048576K
Event: 2.923 GC heap after
Heap after GC invocations=4 (full 0):
 PSYoungGen      total 71680K, used 5111K [0x00000000d5c00000, 0x00000000da700000, 0x0000000100000000)
  eden space 66560K, 0% used [0x00000000d5c00000,0x00000000d5c00000,0x00000000d9d00000)
  from space 5120K, 99% used [0x00000000da200000,0x00000000da6fdfc8,0x00000000da700000)
  to   space 5120K, 0% used [0x00000000d9d00000,0x00000000d9d00000,0x00000000da200000)
 ParOldGen       total 87552K, used 4584K [0x0000000081400000, 0x0000000086980000, 0x00000000d5c00000)
  object space 87552K, 5% used [0x0000000081400000,0x000000008187a050,0x0000000086980000)
 Metaspace       used 19947K, capacity 20504K, committed 20864K, reserved 1067008K
  class space    used 2677K, capacity 2840K, committed 2944K, reserved 1048576K
}
Event: 3.125 GC heap before
{Heap before GC invocations=5 (full 0):
 PSYoungGen      total 71680K, used 15584K [0x00000000d5c00000, 0x00000000da700000, 0x0000000100000000)
  eden space 66560K, 15% used [0x00000000d5c00000,0x00000000d663a250,0x00000000d9d00000)
  from space 5120K, 99% used [0x00000000da200000,0x00000000da6fdfc8,0x00000000da700000)
  to   space 5120K, 0% used [0x00000000d9d00000,0x00000000d9d00000,0x00000000da200000)
 ParOldGen       total 87552K, used 4584K [0x0000000081400000, 0x0000000086980000, 0x00000000d5c00000)
  object space 87552K, 5% used [0x0000000081400000,0x000000008187a050,0x0000000086980000)
 Metaspace       used 20496K, capacity 21084K, committed 21248K, reserved 1067008K
  class space    used 2759K, capacity 2950K, committed 3072K, reserved 1048576K
Event: 3.144 GC heap after
Heap after GC invocations=5 (full 0):
 PSYoungGen      total 71680K, used 5095K [0x00000000d5c00000, 0x00000000def00000, 0x0000000100000000)
  eden space 66560K, 0% used [0x00000000d5c00000,0x00000000d5c00000,0x00000000d9d00000)
  from space 5120K, 99% used [0x00000000d9d00000,0x00000000da1f9ff8,0x00000000da200000)
  to   space 8704K, 0% used [0x00000000de680000,0x00000000de680000,0x00000000def00000)
 ParOldGen       total 87552K, used 5491K [0x0000000081400000, 0x0000000086980000, 0x00000000d5c00000)
  object space 87552K, 6% used [0x0000000081400000,0x000000008195ce08,0x0000000086980000)
 Metaspace       used 20496K, capacity 21084K, committed 21248K, reserved 1067008K
  class space    used 2759K, capacity 2950K, committed 3072K, reserved 1048576K
}
Event: 3.144 GC heap before
{Heap before GC invocations=6 (full 1):
 PSYoungGen      total 71680K, used 5095K [0x00000000d5c00000, 0x00000000def00000, 0x0000000100000000)
  eden space 66560K, 0% used [0x00000000d5c00000,0x00000000d5c00000,0x00000000d9d00000)
  from space 5120K, 99% used [0x00000000d9d00000,0x00000000da1f9ff8,0x00000000da200000)
  to   space 8704K, 0% used [0x00000000de680000,0x00000000de680000,0x00000000def00000)
 ParOldGen       total 87552K, used 5491K [0x0000000081400000, 0x0000000086980000, 0x00000000d5c00000)
  object space 87552K, 6% used [0x0000000081400000,0x000000008195ce08,0x0000000086980000)
 Metaspace       used 20496K, capacity 21084K, committed 21248K, reserved 1067008K
  class space    used 2759K, capacity 2950K, committed 3072K, reserved 1048576K

Deoptimization events (0 events):
No events

Internal exceptions (10 events):
Event: 2.651 Thread 0x0000000004ea1800 Exception <a 'java/lang/ClassNotFoundException': org/springframework/beans/factory/support/BeanDefinitionRegistryPostProcessorCustomizer> (0x00000000d6972530) thrown at [C:\re\workspace\8-2-build-windows-amd64-cygwin\jdk8u131\8869\hotspot\src\share\vm\cla
Event: 2.654 Thread 0x0000000004ea1800 Exception <a 'java/lang/ClassNotFoundException': org/springframework/core/PriorityOrderedCustomizer> (0x00000000d6986c40) thrown at [C:\re\workspace\8-2-build-windows-amd64-cygwin\jdk8u131\8869\hotspot\src\share\vm\classfile\systemDictionary.cpp, line 210
Event: 2.672 Thread 0x0000000004ea1800 Exception <a 'java/lang/ClassNotFoundException': org/springframework/context/ResourceLoaderAwareCustomizer> (0x00000000d699c200) thrown at [C:\re\workspace\8-2-build-windows-amd64-cygwin\jdk8u131\8869\hotspot\src\share\vm\classfile\systemDictionary.cpp, l
Event: 2.673 Thread 0x0000000004ea1800 Exception <a 'java/lang/ClassNotFoundException': org/springframework/beans/factory/BeanClassLoaderAwareCustomizer> (0x00000000d69b4968) thrown at [C:\re\workspace\8-2-build-windows-amd64-cygwin\jdk8u131\8869\hotspot\src\share\vm\classfile\systemDictionary
Event: 2.674 Thread 0x0000000004ea1800 Exception <a 'java/lang/ClassNotFoundException': org/springframework/context/EnvironmentAwareCustomizer> (0x00000000d69ca640) thrown at [C:\re\workspace\8-2-build-windows-amd64-cygwin\jdk8u131\8869\hotspot\src\share\vm\classfile\systemDictionary.cpp, line
Event: 2.719 Thread 0x0000000004ea1800 Exception <a 'java/lang/NoClassDefFoundError': reactor/core/publisher/Mono> (0x00000000d6abe460) thrown at [C:\re\workspace\8-2-build-windows-amd64-cygwin\jdk8u131\8869\hotspot\src\share\vm\classfile\systemDictionary.cpp, line 199]
Event: 2.720 Thread 0x0000000004ea1800 Exception <a 'java/lang/NoClassDefFoundError': rx/Observable> (0x00000000d6acfdb8) thrown at [C:\re\workspace\8-2-build-windows-amd64-cygwin\jdk8u131\8869\hotspot\src\share\vm\classfile\systemDictionary.cpp, line 199]
Event: 2.722 Thread 0x0000000004ea1800 Exception <a 'java/lang/NoClassDefFoundError': io/reactivex/Flowable> (0x00000000d6cdad00) thrown at [C:\re\workspace\8-2-build-windows-amd64-cygwin\jdk8u131\8869\hotspot\src\share\vm\classfile\systemDictionary.cpp, line 199]
Event: 2.741 Thread 0x000000001c0d6800 Exception <a 'java/lang/reflect/InvocationTargetException'> (0x00000000d6e88880) thrown at [C:\re\workspace\8-2-build-windows-amd64-cygwin\jdk8u131\8869\hotspot\src\share\vm\runtime\reflection.cpp, line 1092]
Event: 2.950 Thread 0x000000001c004000 Exception <a 'java/lang/IncompatibleClassChangeError': Found class java.lang.Object, but interface was expected> (0x00000000d5db6e58) thrown at [C:\re\workspace\8-2-build-windows-amd64-cygwin\jdk8u131\8869\hotspot\src\share\vm\interpreter\linkResolver.cpp

Events (10 events):
Event: 3.123 loading class com/sun/org/apache/xerces/internal/parsers/AbstractSAXParser
Event: 3.124 loading class org/xml/sax/Parser
Event: 3.124 loading class org/xml/sax/Parser done
Event: 3.124 loading class org/xml/sax/XMLReader
Event: 3.124 loading class org/xml/sax/XMLReader done
Event: 3.124 loading class com/sun/org/apache/xerces/internal/parsers/AbstractXMLDocumentParser
Event: 3.125 loading class com/sun/org/apache/xerces/internal/xni/XMLDocumentHandler
Event: 3.125 loading class com/sun/org/apache/xerces/internal/xni/XMLDocumentHandler done
Event: 3.125 loading class com/sun/org/apache/xerces/internal/xni/XMLDTDHandler
Event: 3.125 Executing VM operation: CollectForMetadataAllocation


Dynamic libraries:
0x00007ff736e30000 - 0x00007ff736e67000 	C:\Program Files\Java\jdk1.8.0_131\bin\java.exe
0x00007ffc4ed30000 - 0x00007ffc4ef10000 	C:\WINDOWS\SYSTEM32\ntdll.dll
0x00007ffc4da20000 - 0x00007ffc4dace000 	C:\WINDOWS\System32\KERNEL32.DLL
0x00007ffc4bbd0000 - 0x00007ffc4be36000 	C:\WINDOWS\System32\KERNELBASE.dll
0x00007ffc4ec40000 - 0x00007ffc4ece1000 	C:\WINDOWS\System32\ADVAPI32.dll
0x00007ffc4c3a0000 - 0x00007ffc4c43d000 	C:\WINDOWS\System32\msvcrt.dll
0x00007ffc4c440000 - 0x00007ffc4c49b000 	C:\WINDOWS\System32\sechost.dll
0x00007ffc4de30000 - 0x00007ffc4df4f000 	C:\WINDOWS\System32\RPCRT4.dll
0x00007ffc4c210000 - 0x00007ffc4c39f000 	C:\WINDOWS\System32\USER32.dll
0x00007ffc4c1e0000 - 0x00007ffc4c200000 	C:\WINDOWS\System32\win32u.dll
0x00007ffc4c4a0000 - 0x00007ffc4c4c8000 	C:\WINDOWS\System32\GDI32.dll
0x00007ffc4b1e0000 - 0x00007ffc4b373000 	C:\WINDOWS\System32\gdi32full.dll
0x00007ffc4c140000 - 0x00007ffc4c1db000 	C:\WINDOWS\System32\msvcp_win.dll
0x00007ffc4bad0000 - 0x00007ffc4bbc6000 	C:\WINDOWS\System32\ucrtbase.dll
0x00007ffc39280000 - 0x00007ffc394e9000 	C:\WINDOWS\WinSxS\amd64_microsoft.windows.common-controls_6595b64144ccf1df_6.0.16299.309_none_15cfd4c4935e6b11\COMCTL32.dll
0x00007ffc4df50000 - 0x00007ffc4e258000 	C:\WINDOWS\System32\combase.dll
0x00007ffc4be40000 - 0x00007ffc4beb2000 	C:\WINDOWS\System32\bcryptPrimitives.dll
0x00007ffc4db50000 - 0x00007ffc4db7d000 	C:\WINDOWS\System32\IMM32.DLL
0x00007ffc4a840000 - 0x00007ffc4a870000 	C:\Windows\system32\DriverStore\FileRepository\nvsmwu.inf_amd64_40e2f893a8ddfad8\nvinitx.dll
0x00007ffc4a830000 - 0x00007ffc4a83a000 	C:\WINDOWS\SYSTEM32\VERSION.dll
0x00007ffc4c5e0000 - 0x00007ffc4da16000 	C:\WINDOWS\System32\Shell32.dll
0x00007ffc4b130000 - 0x00007ffc4b17a000 	C:\WINDOWS\System32\cfgmgr32.dll
0x00007ffc4dd20000 - 0x00007ffc4ddc6000 	C:\WINDOWS\System32\shcore.dll
0x00007ffc4b380000 - 0x00007ffc4bac7000 	C:\WINDOWS\System32\windows.storage.dll
0x00007ffc4ddd0000 - 0x00007ffc4de21000 	C:\WINDOWS\System32\shlwapi.dll
0x00007ffc4b0f0000 - 0x00007ffc4b101000 	C:\WINDOWS\System32\kernel.appcore.dll
0x00007ffc4b080000 - 0x00007ffc4b0cc000 	C:\WINDOWS\System32\powrprof.dll
0x00007ffc4b0d0000 - 0x00007ffc4b0eb000 	C:\WINDOWS\System32\profapi.dll
0x0000000058230000 - 0x0000000058236000 	C:\Program Files\NVIDIA Corporation\CoProcManager\_etoured.dll
0x00007ffc4a9e0000 - 0x00007ffc4aa1b000 	C:\Program Files\NVIDIA Corporation\CoProcManager\nvd3d9wrapx.dll
0x00007ffc4e570000 - 0x00007ffc4e9be000 	C:\WINDOWS\System32\SETUPAPI.dll
0x00007ffc4a9b0000 - 0x00007ffc4a9d4000 	C:\Program Files\NVIDIA Corporation\CoProcManager\nvdxgiwrapx.dll
0x0000000056fb0000 - 0x0000000057082000 	C:\Program Files\Java\jdk1.8.0_131\jre\bin\msvcr100.dll
0x0000000056190000 - 0x0000000056a2c000 	C:\Program Files\Java\jdk1.8.0_131\jre\bin\server\jvm.dll
0x00007ffc4c200000 - 0x00007ffc4c208000 	C:\WINDOWS\System32\PSAPI.DLL
0x00007ffc47b50000 - 0x00007ffc47b59000 	C:\WINDOWS\SYSTEM32\WSOCK32.dll
0x00007ffc48ff0000 - 0x00007ffc49013000 	C:\WINDOWS\SYSTEM32\WINMM.dll
0x00007ffc4dad0000 - 0x00007ffc4db3c000 	C:\WINDOWS\System32\WS2_32.dll
0x00007ffc48cf0000 - 0x00007ffc48d1a000 	C:\WINDOWS\SYSTEM32\WINMMBASE.dll
0x0000000056fa0000 - 0x0000000056faf000 	C:\Program Files\Java\jdk1.8.0_131\jre\bin\verify.dll
0x0000000056f70000 - 0x0000000056f99000 	C:\Program Files\Java\jdk1.8.0_131\jre\bin\java.dll
0x0000000056f40000 - 0x0000000056f63000 	C:\Program Files\Java\jdk1.8.0_131\jre\bin\instrument.dll
0x0000000056f20000 - 0x0000000056f36000 	C:\Program Files\Java\jdk1.8.0_131\jre\bin\zip.dll
0x00007ffc46e40000 - 0x00007ffc46e5a000 	C:\Program Files\JetBrains\IntelliJ IDEA 2017.3\bin\breakgen64.dll
0x0000000056f00000 - 0x0000000056f1a000 	C:\Program Files\Java\jdk1.8.0_131\jre\bin\net.dll
0x00007ffc4a520000 - 0x00007ffc4a586000 	C:\WINDOWS\system32\mswsock.dll
0x0000000056ef0000 - 0x0000000056efd000 	C:\Program Files\Java\jdk1.8.0_131\jre\bin\management.dll
0x0000000056ed0000 - 0x0000000056ee1000 	C:\Program Files\Java\jdk1.8.0_131\jre\bin\nio.dll
0x00007ffc3c7f0000 - 0x00007ffc3c806000 	C:\WINDOWS\system32\napinsp.dll
0x00007ffc38eb0000 - 0x00007ffc38eca000 	C:\WINDOWS\system32\pnrpnsp.dll
0x00007ffc47a10000 - 0x00007ffc47a28000 	C:\WINDOWS\system32\NLAapi.dll
0x00007ffc4a2f0000 - 0x00007ffc4a3a6000 	C:\WINDOWS\SYSTEM32\DNSAPI.dll
0x00007ffc4db40000 - 0x00007ffc4db48000 	C:\WINDOWS\System32\NSI.dll
0x00007ffc4a2b0000 - 0x00007ffc4a2e9000 	C:\WINDOWS\SYSTEM32\IPHLPAPI.DLL
0x00007ffc47850000 - 0x00007ffc4785e000 	C:\WINDOWS\System32\winrnr.dll
0x00007ffc43e60000 - 0x00007ffc43e6a000 	C:\Windows\System32\rasadhlp.dll
0x00007ffc44590000 - 0x00007ffc44600000 	C:\WINDOWS\System32\fwpuclnt.dll
0x00007ffc4abb0000 - 0x00007ffc4abd5000 	C:\WINDOWS\SYSTEM32\bcrypt.dll
0x00007ffc4adb0000 - 0x00007ffc4adc7000 	C:\WINDOWS\SYSTEM32\CRYPTSP.dll
0x00007ffc4a120000 - 0x00007ffc4a153000 	C:\WINDOWS\system32\rsaenh.dll
0x00007ffc4af80000 - 0x00007ffc4afa9000 	C:\WINDOWS\SYSTEM32\USERENV.dll
0x00007ffc4a740000 - 0x00007ffc4a74b000 	C:\WINDOWS\SYSTEM32\CRYPTBASE.dll
0x00007ffc458c0000 - 0x00007ffc458d6000 	C:\WINDOWS\SYSTEM32\dhcpcsvc6.DLL
0x00007ffc45630000 - 0x00007ffc4564a000 	C:\WINDOWS\SYSTEM32\dhcpcsvc.DLL
0x00007ffc4abe0000 - 0x00007ffc4ada8000 	C:\WINDOWS\SYSTEM32\dbghelp.dll

VM Arguments:
jvm_args: -XX:TieredStopAtLevel=1 -Xverify:none -Dspring.output.ansi.enabled=always -Dcom.sun.management.jmxremote -Dcom.sun.management.jmxremote.port=52005 -Dcom.sun.management.jmxremote.authenticate=false -Dcom.sun.management.jmxremote.ssl=false -Dspring.liveBeansView.mbeanDomain -Dspring.application.admin.enabled=true -javaagent:C:\Program Files\JetBrains\IntelliJ IDEA 2017.3\lib\idea_rt.jar=52006:C:\Program Files\JetBrains\IntelliJ IDEA 2017.3\bin -Dfile.encoding=UTF-8 
java_command: corse_work.demo.DemoApplication
java_class_path (initial): C:\Program Files\Java\jdk1.8.0_131\jre\lib\charsets.jar;C:\Program Files\Java\jdk1.8.0_131\jre\lib\deploy.jar;C:\Program Files\Java\jdk1.8.0_131\jre\lib\ext\access-bridge-64.jar;C:\Program Files\Java\jdk1.8.0_131\jre\lib\ext\cldrdata.jar;C:\Program Files\Java\jdk1.8.0_131\jre\lib\ext\dnsns.jar;C:\Program Files\Java\jdk1.8.0_131\jre\lib\ext\jaccess.jar;C:\Program Files\Java\jdk1.8.0_131\jre\lib\ext\jfxrt.jar;C:\Program Files\Java\jdk1.8.0_131\jre\lib\ext\localedata.jar;C:\Program Files\Java\jdk1.8.0_131\jre\lib\ext\nashorn.jar;C:\Program Files\Java\jdk1.8.0_131\jre\lib\ext\sunec.jar;C:\Program Files\Java\jdk1.8.0_131\jre\lib\ext\sunjce_provider.jar;C:\Program Files\Java\jdk1.8.0_131\jre\lib\ext\sunmscapi.jar;C:\Program Files\Java\jdk1.8.0_131\jre\lib\ext\sunpkcs11.jar;C:\Program Files\Java\jdk1.8.0_131\jre\lib\ext\zipfs.jar;C:\Program Files\Java\jdk1.8.0_131\jre\lib\javaws.jar;C:\Program Files\Java\jdk1.8.0_131\jre\lib\jce.jar;C:\Program Files\Java\jdk1.8.0_131\jre\lib\jfr.jar;C:\Program Files\Java\jdk1.8.0_131\jre\lib\jfxswt.jar;C:\Program Files\Java\jdk1.8.0_131\jre\lib\jsse.jar;C:\Program Files\Java\jdk1.8.0_131\jre\lib\management-agent.jar;C:\Program Files\Java\jdk1.8.0_131\jre\lib\plugin.jar;C:\Program Files\Java\jdk1.8.0_131\jre\lib\resources.jar;C:\Program Files\Java\jdk1.8.0_131\jre\lib\rt.jar;E:\ipz_kursova\ipz-server\out\production\classes;E:\ipz_kursova\ipz-server\out\production\resources;C:\Users\savch\.gradle\caches\modules-2\files-2.1\org.springframework.boot\spring-boot-starter-data-jpa\2.0.0.RELEASE\cc7bc2df046149870255d22367f8f7276eb82e98\spring-boot-starter-data-jpa-2.0.0.RELEASE.jar;C:\Users\savch\.gradle\caches\modules-2\files-2.1\org.modelmapper\modelmapper\0.3.5\7c8d140f712fb3357dd8b9d00a0f0396b5863c6f\modelmapper-0.3.5.jar;C:\Users\savch\.gradle\caches\modules-2\files-2.1\org.springframework.boot\spring-boot-starter-data-rest\2.0.0.RELEASE\ebf929e1d4ba783f3e32459fe8d29cb61ddbb92\spring-boot-starter-data-rest-2.0.0.R
Launcher Type: SUN_STANDARD

Environment Variables:
JAVA_HOME=C:\Program Files\Java\jdk1.8.0_131
PATH=C:\ProgramData\Oracle\Java\javapath;C:\WINDOWS\system32;C:\WINDOWS;C:\WINDOWS\System32\Wbem;C:\WINDOWS\System32\WindowsPowerShell\v1.0\;C:\Program Files\Git\cmd;C:\Program Files\Java\jdk1.8.0_131\bin;C:\Gradle\bin;C:\Program Files (x86)\Intel\OpenCL SDK\2.0\bin\x86;C:\Program Files (x86)\Intel\OpenCL SDK\2.0\bin\x64;C:\Program Files\nodejs\;C:\Program Files (x86)\Windows Kits\8.1\Windows Performance Toolkit\;C:\Users\savch\AppData\Local\Microsoft\WindowsApps;C:\Program Files (x86)\Microsoft VS Code\bin;C:\Users\savch\Downloads;C:\Users\savch\Downloads\curl-7.57.0-win64-mingw\bin;C:\Users\savch\AppData\Roaming\npm;
USERNAME=savch
OS=Windows_NT
PROCESSOR_IDENTIFIER=Intel64 Family 6 Model 42 Stepping 7, GenuineIntel



---------------  S Y S T E M  ---------------

OS: Windows 10.0 , 64 bit Build 16299 (10.0.16299.15)

CPU:total 4 (initial active 4) (2 cores per cpu, 2 threads per core) family 6 model 42 stepping 7, cmov, cx8, fxsr, mmx, sse, sse2, sse3, ssse3, sse4.1, sse4.2, popcnt, avx, clmul, ht, tsc, tscinvbit

Memory: 4k page, physical 8300072k(2118188k free), swap 11707944k(3680324k free)

vm_info: Java HotSpot(TM) 64-Bit Server VM (25.131-b11) for windows-amd64 JRE (1.8.0_131-b11), built on Mar 15 2017 01:23:53 by "java_re" with MS VC++ 10.0 (VS2010)

time: Sun Apr 01 12:21:37 2018
elapsed time: 3 seconds (0d 0h 0m 3s)

