#
# A fatal error has been detected by the Java Runtime Environment:
#
#  EXCEPTION_ACCESS_VIOLATION (0xc0000005) at pc=0x0000000000000000, pid=10540, tid=0x0000000000002e04
#
# JRE version: Java(TM) SE Runtime Environment (8.0_131-b11) (build 1.8.0_131-b11)
# Java VM: Java HotSpot(TM) 64-Bit Server VM (25.131-b11 mixed mode windows-amd64 compressed oops)
# Problematic frame:
# C  0x0000000000000000
#
# Failed to write core dump. Minidumps are not enabled by default on client versions of Windows
#
# If you would like to submit a bug report, please visit:
#   http://bugreport.java.com/bugreport/crash.jsp
#

---------------  T H R E A D  ---------------

Current thread (0x00000000048cf000):  GCTaskThread [stack: 0x0000000014700000,0x0000000014800000] [id=11780]

siginfo: ExceptionCode=0xc0000005, ExceptionInformation=0x0000000000000008 0x0000000000000000

Registers:
RAX=0x0000000100000f28, RBX=0x000000008154f160, RCX=0x0000000100081ef8, RDX=0x000000008154f160
RSP=0x00000000147ff3c8, RBP=0x00000000147ff609, RSI=0x00000000147ff480, RDI=0x00000000049a2060
R8 =0x0000000000000000, R9 =0x0000000100081ef8, R10=0x0000000000000e76, R11=0x000000008154f0f0
R12=0x0000000065ec46b8, R13=0x00000000048c5d40, R14=0x00000000048cf540, R15=0x0000000000000000
RIP=0x0000000000000000, EFLAGS=0x0000000000010246

Top of Stack: (sp=0x00000000147ff3c8)
0x00000000147ff3c8:   000000006597b7b7 0000000019dc73f0
0x00000000147ff3d8:   00000000147ff609 00000000147ff480
0x00000000147ff3e8:   000000000000000e 00000000049a2060
0x00000000147ff3f8:   00000000659837e3 000000008154f160
0x00000000147ff408:   000000006597438f 00000000826e0d2d
0x00000000147ff418:   00000000658965f3 00000000147ff498
0x00000000147ff428:   00000000658d2b8e 00000001002bf030
0x00000000147ff438:   00000000147ff480 00000000147ff498
0x00000000147ff448:   00000000147ff609 00000000049a2060
0x00000000147ff458:   0000000065c6d349 00000000814395b0
0x00000000147ff468:   00000000049a2060 00000000817da088
0x00000000147ff478:   0000000081439604 0000000065ec35b0
0x00000000147ff488:   00000000049a2000 00000000049a2060
0x00000000147ff498:   0000000065ec35d8 00000000048c5d00
0x00000000147ff4a8:   00000000147ff480 00000000814395b0
0x00000000147ff4b8:   00000000659731bd 0000000019dc0258 

Instructions: (pc=0x0000000000000000)
0xffffffffffffffe0:   


Register to memory mapping:

RAX=0x0000000100000f28 is pointing into metadata
RBX=
[error occurred during error reporting (printing register info), id 0xc0000005]

Stack: [0x0000000014700000,0x0000000014800000],  sp=0x00000000147ff3c8,  free space=1020k
Native frames: (J=compiled Java code, j=interpreted, Vv=VM code, C=native code)


---------------  P R O C E S S  ---------------

Java Threads: ( => current thread )
  0x000000001dd9a800 JavaThread "HikariPool-1 connection adder" daemon [_thread_blocked, id=7360, stack(0x000000001fda0000,0x000000001fea0000)]
  0x000000001dd9a000 JavaThread "HikariPool-1 housekeeper" daemon [_thread_blocked, id=7572, stack(0x000000001fca0000,0x000000001fda0000)]
  0x000000001dd9c000 JavaThread "Abandoned connection cleanup thread" daemon [_thread_blocked, id=9328, stack(0x000000001f9a0000,0x000000001faa0000)]
  0x000000001dd98800 JavaThread "container-0" [_thread_blocked, id=8480, stack(0x000000001f7a0000,0x000000001f8a0000)]
  0x000000001dd9d800 JavaThread "ContainerBackgroundProcessor[StandardEngine[Tomcat]]" daemon [_thread_blocked, id=5500, stack(0x000000001f6a0000,0x000000001f7a0000)]
  0x000000001dd9e800 JavaThread "localhost-startStop-1" daemon [_thread_blocked, id=9616, stack(0x000000001f4a0000,0x000000001f5a0000)]
  0x000000001dd99000 JavaThread "Tomcat-startStop-1" daemon [_thread_blocked, id=7740, stack(0x000000001f3a0000,0x000000001f4a0000)]
  0x000000001b9be800 JavaThread "RMI TCP Connection(2)-192.168.62.1" daemon [_thread_in_native, id=10408, stack(0x000000001c790000,0x000000001c890000)]
  0x000000001b9a3800 JavaThread "RMI Scheduler(0)" daemon [_thread_blocked, id=7348, stack(0x000000001c690000,0x000000001c790000)]
  0x000000001b999800 JavaThread "RMI TCP Connection(1)-127.0.0.1" daemon [_thread_in_native, id=4064, stack(0x000000001c590000,0x000000001c690000)]
  0x000000001b881800 JavaThread "RMI TCP Accept-0" daemon [_thread_in_native, id=3104, stack(0x000000001c390000,0x000000001c490000)]
  0x000000001b86f800 JavaThread "RMI TCP Accept-23861" daemon [_thread_in_native, id=12044, stack(0x000000001c290000,0x000000001c390000)]
  0x000000001b868000 JavaThread "RMI TCP Accept-0" daemon [_thread_in_native, id=68, stack(0x000000001c190000,0x000000001c290000)]
  0x000000001b0e9800 JavaThread "Service Thread" daemon [_thread_blocked, id=8188, stack(0x000000001b550000,0x000000001b650000)]
  0x000000001b0e5800 JavaThread "C1 CompilerThread2" daemon [_thread_blocked, id=11952, stack(0x000000001b450000,0x000000001b550000)]
  0x000000001b0e4000 JavaThread "C2 CompilerThread1" daemon [_thread_blocked, id=2436, stack(0x000000001b350000,0x000000001b450000)]
  0x000000001b087000 JavaThread "C2 CompilerThread0" daemon [_thread_blocked, id=8304, stack(0x000000001b250000,0x000000001b350000)]
  0x000000001afeb800 JavaThread "Monitor Ctrl-Break" daemon [_thread_in_native, id=6760, stack(0x000000001b150000,0x000000001b250000)]
  0x000000001970f800 JavaThread "Attach Listener" daemon [_thread_blocked, id=2304, stack(0x000000001ac50000,0x000000001ad50000)]
  0x000000001970e800 JavaThread "Signal Dispatcher" daemon [_thread_blocked, id=3076, stack(0x000000001ab50000,0x000000001ac50000)]
  0x00000000196ea800 JavaThread "Finalizer" daemon [_thread_blocked, id=5392, stack(0x000000001a960000,0x000000001aa60000)]
  0x00000000049a7000 JavaThread "Reference Handler" daemon [_thread_blocked, id=9928, stack(0x000000001a860000,0x000000001a960000)]
  0x00000000048b1800 JavaThread "main" [_thread_blocked, id=2064, stack(0x00000000046b0000,0x00000000047b0000)]

Other Threads:
  0x00000000196c7000 VMThread [stack: 0x000000001a760000,0x000000001a860000] [id=1876]
  0x000000001b885800 WatcherThread [stack: 0x000000001c490000,0x000000001c590000] [id=8528]

=>0x00000000048cf000 (exited) GCTaskThread [stack: 0x0000000014700000,0x0000000014800000] [id=11780]

VM state:at safepoint (normal execution)

VM Mutex/Monitor currently owned by a thread:  ([mutex/lock_event])
[0x00000000048b0950] Threads_lock - owner thread: 0x00000000196c7000
[0x00000000048b0a50] Heap_lock - owner thread: 0x00000000048b1800

Heap:
 PSYoungGen      total 233472K, used 10027K [0x00000000d5c00000, 0x00000000eb900000, 0x0000000100000000)
  eden space 216064K, 0% used [0x00000000d5c00000,0x00000000d5c00000,0x00000000e2f00000)
  from space 17408K, 57% used [0x00000000e2f00000,0x00000000e38cafe0,0x00000000e4000000)
  to   space 17408K, 0% used [0x00000000ea800000,0x00000000ea800000,0x00000000eb900000)
 ParOldGen       total 46080K, used 20611K [0x0000000081400000, 0x0000000084100000, 0x00000000d5c00000)
  object space 46080K, 44% used [0x0000000081400000,0x0000000082820fc0,0x0000000084100000)
 Metaspace       used 34098K, capacity 35460K, committed 35496K, reserved 1079296K
  class space    used 4560K, capacity 4848K, committed 4864K, reserved 1048576K

Card table byte_map: [0x0000000013f50000,0x0000000014350000] byte_map_base: 0x0000000013b46000

Marking Bits: (ParMarkBitMap*) 0x000000006608c720
 Begin Bits: [0x0000000014a00000, 0x00000000169b0000)
 End Bits:   [0x00000000169b0000, 0x0000000018960000)

Polling page: 0x0000000002a50000

CodeCache: size=245760Kb used=7305Kb max_used=7305Kb free=238454Kb
 bounds [0x0000000004b90000, 0x00000000052c0000, 0x0000000013b90000]
 total_blobs=3941 nmethods=3472 adapters=381
 compilation: enabled

Compilation events (10 events):
Event: 14.291 Thread 0x000000001b0e5800 3520       1       java.net.DualStackPlainSocketImpl::checkAndReturnNativeFD (40 bytes)
Event: 14.292 Thread 0x000000001b0e5800 nmethod 3520 0x00000000052ae910 code [0x00000000052aea80, 0x00000000052aeca8]
Event: 14.292 Thread 0x000000001b0e5800 3521       1       java.io.FileDescriptor::valid (25 bytes)
Event: 14.292 Thread 0x000000001b0e5800 nmethod 3521 0x00000000052aedd0 code [0x00000000052aef20, 0x00000000052af070]
Event: 14.305 Thread 0x000000001b0e5800 3522       1       sun.nio.cs.UTF_8$Encoder::encodeArrayLoop (489 bytes)
Event: 14.308 Thread 0x000000001b0e5800 nmethod 3522 0x00000000052af0d0 code [0x00000000052af4a0, 0x00000000052b04e8]
Event: 14.308 Thread 0x000000001b0e5800 3523       1       com.mysql.jdbc.util.ReadAheadInputStream::read (54 bytes)
Event: 14.308 Thread 0x000000001b0e5800 nmethod 3523 0x00000000052b1fd0 code [0x00000000052b2140, 0x00000000052b2398]
Event: 14.308 Thread 0x000000001b0e5800 3524   !   1       com.mysql.jdbc.ConnectionImpl::getCharsetConverter (132 bytes)
Event: 14.309 Thread 0x000000001b0e5800 nmethod 3524 0x00000000052b2510 code [0x00000000052b2700, 0x00000000052b2ec8]

GC Heap History (10 events):
Event: 6.159 GC heap after
Heap after GC invocations=6 (full 1):
 PSYoungGen      total 71680K, used 0K [0x00000000d5c00000, 0x00000000def00000, 0x0000000100000000)
  eden space 66560K, 0% used [0x00000000d5c00000,0x00000000d5c00000,0x00000000d9d00000)
  from space 5120K, 0% used [0x00000000d9d00000,0x00000000d9d00000,0x00000000da200000)
  to   space 8704K, 0% used [0x00000000de680000,0x00000000de680000,0x00000000def00000)
 ParOldGen       total 46080K, used 5092K [0x0000000081400000, 0x0000000084100000, 0x00000000d5c00000)
  object space 46080K, 11% used [0x0000000081400000,0x00000000818f92e8,0x0000000084100000)
 Metaspace       used 20562K, capacity 21152K, committed 21296K, reserved 1067008K
  class space    used 2753K, capacity 2914K, committed 2944K, reserved 1048576K
}
Event: 8.161 GC heap before
{Heap before GC invocations=7 (full 1):
 PSYoungGen      total 71680K, used 66524K [0x00000000d5c00000, 0x00000000def00000, 0x0000000100000000)
  eden space 66560K, 99% used [0x00000000d5c00000,0x00000000d9cf7348,0x00000000d9d00000)
  from space 5120K, 0% used [0x00000000d9d00000,0x00000000d9d00000,0x00000000da200000)
  to   space 8704K, 0% used [0x00000000de680000,0x00000000de680000,0x00000000def00000)
 ParOldGen       total 46080K, used 5092K [0x0000000081400000, 0x0000000084100000, 0x00000000d5c00000)
  object space 46080K, 11% used [0x0000000081400000,0x00000000818f92e8,0x0000000084100000)
 Metaspace       used 22992K, capacity 23690K, committed 23808K, reserved 1069056K
  class space    used 3115K, capacity 3301K, committed 3328K, reserved 1048576K
Event: 8.188 GC heap after
Heap after GC invocations=7 (full 1):
 PSYoungGen      total 130560K, used 8092K [0x00000000d5c00000, 0x00000000dee80000, 0x0000000100000000)
  eden space 122368K, 0% used [0x00000000d5c00000,0x00000000d5c00000,0x00000000dd380000)
  from space 8192K, 98% used [0x00000000de680000,0x00000000dee67298,0x00000000dee80000)
  to   space 9728K, 0% used [0x00000000ddb80000,0x00000000ddb80000,0x00000000de500000)
 ParOldGen       total 46080K, used 5164K [0x0000000081400000, 0x0000000084100000, 0x00000000d5c00000)
  object space 46080K, 11% used [0x0000000081400000,0x000000008190b2f8,0x0000000084100000)
 Metaspace       used 22992K, capacity 23690K, committed 23808K, reserved 1069056K
  class space    used 3115K, capacity 3301K, committed 3328K, reserved 1048576K
}
Event: 11.364 GC heap before
{Heap before GC invocations=8 (full 1):
 PSYoungGen      total 130560K, used 130460K [0x00000000d5c00000, 0x00000000dee80000, 0x0000000100000000)
  eden space 122368K, 100% used [0x00000000d5c00000,0x00000000dd380000,0x00000000dd380000)
  from space 8192K, 98% used [0x00000000de680000,0x00000000dee67298,0x00000000dee80000)
  to   space 9728K, 0% used [0x00000000ddb80000,0x00000000ddb80000,0x00000000de500000)
 ParOldGen       total 46080K, used 5164K [0x0000000081400000, 0x0000000084100000, 0x00000000d5c00000)
  object space 46080K, 11% used [0x0000000081400000,0x000000008190b2f8,0x0000000084100000)
 Metaspace       used 27164K, capacity 28144K, committed 28416K, reserved 1073152K
  class space    used 3738K, capacity 3976K, committed 4096K, reserved 1048576K
Event: 11.387 GC heap after
Heap after GC invocations=8 (full 1):
 PSYoungGen      total 140288K, used 9718K [0x00000000d5c00000, 0x00000000e4d80000, 0x0000000100000000)
  eden space 130560K, 0% used [0x00000000d5c00000,0x00000000d5c00000,0x00000000ddb80000)
  from space 9728K, 99% used [0x00000000ddb80000,0x00000000de4fdad0,0x00000000de500000)
  to   space 13824K, 0% used [0x00000000e4000000,0x00000000e4000000,0x00000000e4d80000)
 ParOldGen       total 46080K, used 10827K [0x0000000081400000, 0x0000000084100000, 0x00000000d5c00000)
  object space 46080K, 23% used [0x0000000081400000,0x0000000081e92eb8,0x0000000084100000)
 Metaspace       used 27164K, capacity 28144K, committed 28416K, reserved 1073152K
  class space    used 3738K, capacity 3976K, committed 4096K, reserved 1048576K
}
Event: 14.096 GC heap before
{Heap before GC invocations=9 (full 1):
 PSYoungGen      total 140288K, used 140278K [0x00000000d5c00000, 0x00000000e4d80000, 0x0000000100000000)
  eden space 130560K, 100% used [0x00000000d5c00000,0x00000000ddb80000,0x00000000ddb80000)
  from space 9728K, 99% used [0x00000000ddb80000,0x00000000de4fdad0,0x00000000de500000)
  to   space 13824K, 0% used [0x00000000e4000000,0x00000000e4000000,0x00000000e4d80000)
 ParOldGen       total 46080K, used 10827K [0x0000000081400000, 0x0000000084100000, 0x00000000d5c00000)
  object space 46080K, 23% used [0x0000000081400000,0x0000000081e92eb8,0x0000000084100000)
 Metaspace       used 32933K, capacity 34314K, committed 34432K, reserved 1079296K
  class space    used 4396K, capacity 4683K, committed 4736K, reserved 1048576K
Event: 14.122 GC heap after
Heap after GC invocations=9 (full 1):
 PSYoungGen      total 229888K, used 13810K [0x00000000d5c00000, 0x00000000e5e00000, 0x0000000100000000)
  eden space 216064K, 0% used [0x00000000d5c00000,0x00000000d5c00000,0x00000000e2f00000)
  from space 13824K, 99% used [0x00000000e4000000,0x00000000e4d7cb40,0x00000000e4d80000)
  to   space 17408K, 0% used [0x00000000e2f00000,0x00000000e2f00000,0x00000000e4000000)
 ParOldGen       total 46080K, used 15102K [0x0000000081400000, 0x0000000084100000, 0x00000000d5c00000)
  object space 46080K, 32% used [0x0000000081400000,0x00000000822bf940,0x0000000084100000)
 Metaspace       used 32933K, capacity 34314K, committed 34432K, reserved 1079296K
  class space    used 4396K, capacity 4683K, committed 4736K, reserved 1048576K
}
Event: 14.311 GC heap before
{Heap before GC invocations=10 (full 1):
 PSYoungGen      total 229888K, used 31018K [0x00000000d5c00000, 0x00000000e5e00000, 0x0000000100000000)
  eden space 216064K, 7% used [0x00000000d5c00000,0x00000000d6ccdd80,0x00000000e2f00000)
  from space 13824K, 99% used [0x00000000e4000000,0x00000000e4d7cb40,0x00000000e4d80000)
  to   space 17408K, 0% used [0x00000000e2f00000,0x00000000e2f00000,0x00000000e4000000)
 ParOldGen       total 46080K, used 15102K [0x0000000081400000, 0x0000000084100000, 0x00000000d5c00000)
  object space 46080K, 32% used [0x0000000081400000,0x00000000822bf940,0x0000000084100000)
 Metaspace       used 34098K, capacity 35460K, committed 35496K, reserved 1079296K
  class space    used 4560K, capacity 4848K, committed 4864K, reserved 1048576K
Event: 14.336 GC heap after
Heap after GC invocations=10 (full 1):
 PSYoungGen      total 233472K, used 10027K [0x00000000d5c00000, 0x00000000eb900000, 0x0000000100000000)
  eden space 216064K, 0% used [0x00000000d5c00000,0x00000000d5c00000,0x00000000e2f00000)
  from space 17408K, 57% used [0x00000000e2f00000,0x00000000e38cafe0,0x00000000e4000000)
  to   space 17408K, 0% used [0x00000000ea800000,0x00000000ea800000,0x00000000eb900000)
 ParOldGen       total 46080K, used 20611K [0x0000000081400000, 0x0000000084100000, 0x00000000d5c00000)
  object space 46080K, 44% used [0x0000000081400000,0x0000000082820fc0,0x0000000084100000)
 Metaspace       used 34098K, capacity 35460K, committed 35496K, reserved 1079296K
  class space    used 4560K, capacity 4848K, committed 4864K, reserved 1048576K
}
Event: 14.336 GC heap before
{Heap before GC invocations=11 (full 2):
 PSYoungGen      total 233472K, used 10027K [0x00000000d5c00000, 0x00000000eb900000, 0x0000000100000000)
  eden space 216064K, 0% used [0x00000000d5c00000,0x00000000d5c00000,0x00000000e2f00000)
  from space 17408K, 57% used [0x00000000e2f00000,0x00000000e38cafe0,0x00000000e4000000)
  to   space 17408K, 0% used [0x00000000ea800000,0x00000000ea800000,0x00000000eb900000)
 ParOldGen       total 46080K, used 20611K [0x0000000081400000, 0x0000000084100000, 0x00000000d5c00000)
  object space 46080K, 44% used [0x0000000081400000,0x0000000082820fc0,0x0000000084100000)
 Metaspace       used 34098K, capacity 35460K, committed 35496K, reserved 1079296K
  class space    used 4560K, capacity 4848K, committed 4864K, reserved 1048576K

Deoptimization events (0 events):
No events

Internal exceptions (10 events):
Event: 14.129 Thread 0x00000000048b1800 Exception <a 'java/lang/ArrayIndexOutOfBoundsException'> (0x00000000d5c62f38) thrown at [C:\re\workspace\8-2-build-windows-amd64-cygwin\jdk8u131\8869\hotspot\src\share\vm\runtime\sharedRuntime.cpp, line 605]
Event: 14.129 Thread 0x00000000048b1800 Exception <a 'java/lang/ArrayIndexOutOfBoundsException'> (0x00000000d5c64610) thrown at [C:\re\workspace\8-2-build-windows-amd64-cygwin\jdk8u131\8869\hotspot\src\share\vm\runtime\sharedRuntime.cpp, line 605]
Event: 14.131 Thread 0x00000000048b1800 Exception <a 'java/lang/ClassNotFoundException': org/springframework/beans/factory/BeanClassLoaderAwareCustomizer> (0x00000000d5c7f258) thrown at [C:\re\workspace\8-2-build-windows-amd64-cygwin\jdk8u131\8869\hotspot\src\share\vm\classfile\systemDictionary
Event: 14.133 Thread 0x00000000048b1800 Exception <a 'java/lang/ClassNotFoundException': org/springframework/beans/factory/BeanFactoryAwareCustomizer> (0x00000000d5c968e8) thrown at [C:\re\workspace\8-2-build-windows-amd64-cygwin\jdk8u131\8869\hotspot\src\share\vm\classfile\systemDictionary.cpp
Event: 14.133 Thread 0x00000000048b1800 Exception <a 'java/lang/ClassNotFoundException': org/springframework/beans/factory/BeanNameAwareCustomizer> (0x00000000d5cad5b0) thrown at [C:\re\workspace\8-2-build-windows-amd64-cygwin\jdk8u131\8869\hotspot\src\share\vm\classfile\systemDictionary.cpp, l
Event: 14.134 Thread 0x00000000048b1800 Exception <a 'java/lang/ClassNotFoundException': org/springframework/beans/factory/InitializingBeanCustomizer> (0x00000000d5cc4b58) thrown at [C:\re\workspace\8-2-build-windows-amd64-cygwin\jdk8u131\8869\hotspot\src\share\vm\classfile\systemDictionary.cpp
Event: 14.135 Thread 0x00000000048b1800 Exception <a 'java/lang/ClassNotFoundException': org/springframework/beans/factory/DisposableBeanCustomizer> (0x00000000d5cdaa10) thrown at [C:\re\workspace\8-2-build-windows-amd64-cygwin\jdk8u131\8869\hotspot\src\share\vm\classfile\systemDictionary.cpp, 
Event: 14.136 Thread 0x00000000048b1800 Exception <a 'java/lang/ClassNotFoundException': org/springframework/orm/jpa/EntityManagerFactoryInfoCustomizer> (0x00000000d5cf2088) thrown at [C:\re\workspace\8-2-build-windows-amd64-cygwin\jdk8u131\8869\hotspot\src\share\vm\classfile\systemDictionary.c
Event: 14.136 Thread 0x00000000048b1800 Exception <a 'java/lang/ArrayIndexOutOfBoundsException'> (0x00000000d5cf4aa0) thrown at [C:\re\workspace\8-2-build-windows-amd64-cygwin\jdk8u131\8869\hotspot\src\share\vm\runtime\sharedRuntime.cpp, line 605]
Event: 14.137 Thread 0x00000000048b1800 Exception <a 'java/lang/ClassNotFoundException': org/springframework/dao/support/PersistenceExceptionTranslatorCustomizer> (0x00000000d5d188c0) thrown at [C:\re\workspace\8-2-build-windows-amd64-cygwin\jdk8u131\8869\hotspot\src\share\vm\classfile\systemDi

Events (10 events):
Event: 14.306 loading class org/hibernate/dialect/SybaseAnywhereDialect done
Event: 14.307 loading class org/hibernate/dialect/SybaseASE15Dialect
Event: 14.307 loading class org/hibernate/dialect/SybaseASE15Dialect done
Event: 14.308 loading class org/hibernate/dialect/SybaseASE157Dialect
Event: 14.308 loading class org/hibernate/dialect/SybaseASE157Dialect done
Event: 14.309 loading class org/hibernate/dialect/TeradataDialect
Event: 14.309 loading class org/hibernate/dialect/TeradataDialect done
Event: 14.310 loading class org/hibernate/hql/spi/id/IdTableSupport
Event: 14.310 loading class org/hibernate/hql/spi/id/IdTableSupport done
Event: 14.311 Executing VM operation: CollectForMetadataAllocation


Dynamic libraries:
0x00007ff6df2c0000 - 0x00007ff6df2f7000 	C:\Program Files\Java\jdk1.8.0_131\bin\java.exe
0x00007ffa80330000 - 0x00007ffa80510000 	C:\WINDOWS\SYSTEM32\ntdll.dll
0x00007ffa7fce0000 - 0x00007ffa7fd8e000 	C:\WINDOWS\System32\KERNEL32.DLL
0x00007ffa7c8c0000 - 0x00007ffa7cb26000 	C:\WINDOWS\System32\KERNELBASE.dll
0x00007ffa7fc30000 - 0x00007ffa7fcd1000 	C:\WINDOWS\System32\ADVAPI32.dll
0x00007ffa7dcf0000 - 0x00007ffa7dd8d000 	C:\WINDOWS\System32\msvcrt.dll
0x00007ffa7fe10000 - 0x00007ffa7fe6b000 	C:\WINDOWS\System32\sechost.dll
0x00007ffa7d920000 - 0x00007ffa7da3f000 	C:\WINDOWS\System32\RPCRT4.dll
0x00007ffa80170000 - 0x00007ffa802ff000 	C:\WINDOWS\System32\USER32.dll
0x00007ffa7d7e0000 - 0x00007ffa7d800000 	C:\WINDOWS\System32\win32u.dll
0x00007ffa7fc00000 - 0x00007ffa7fc28000 	C:\WINDOWS\System32\GDI32.dll
0x00007ffa7d640000 - 0x00007ffa7d7d3000 	C:\WINDOWS\System32\gdi32full.dll
0x00007ffa7d5a0000 - 0x00007ffa7d63b000 	C:\WINDOWS\System32\msvcp_win.dll
0x00007ffa7cd50000 - 0x00007ffa7ce46000 	C:\WINDOWS\System32\ucrtbase.dll
0x00007ffa6b6f0000 - 0x00007ffa6b959000 	C:\WINDOWS\WinSxS\amd64_microsoft.windows.common-controls_6595b64144ccf1df_6.0.16299.309_none_15cfd4c4935e6b11\COMCTL32.dll
0x00007ffa7f880000 - 0x00007ffa7fb88000 	C:\WINDOWS\System32\combase.dll
0x00007ffa7c730000 - 0x00007ffa7c7a2000 	C:\WINDOWS\System32\bcryptPrimitives.dll
0x00007ffa7dbb0000 - 0x00007ffa7dbdd000 	C:\WINDOWS\System32\IMM32.DLL
0x00007ffa7c550000 - 0x00007ffa7c580000 	C:\Windows\system32\DriverStore\FileRepository\nvsmwu.inf_amd64_40e2f893a8ddfad8\nvinitx.dll
0x00007ffa7c4a0000 - 0x00007ffa7c4aa000 	C:\WINDOWS\SYSTEM32\VERSION.dll
0x00007ffa7dd90000 - 0x00007ffa7f1c6000 	C:\WINDOWS\System32\Shell32.dll
0x00007ffa7cb30000 - 0x00007ffa7cb7a000 	C:\WINDOWS\System32\cfgmgr32.dll
0x00007ffa7d870000 - 0x00007ffa7d916000 	C:\WINDOWS\System32\shcore.dll
0x00007ffa7ce50000 - 0x00007ffa7d597000 	C:\WINDOWS\System32\windows.storage.dll
0x00007ffa7f1d0000 - 0x00007ffa7f221000 	C:\WINDOWS\System32\shlwapi.dll
0x00007ffa7c710000 - 0x00007ffa7c721000 	C:\WINDOWS\System32\kernel.appcore.dll
0x00007ffa7c6c0000 - 0x00007ffa7c70c000 	C:\WINDOWS\System32\powrprof.dll
0x00007ffa7c6a0000 - 0x00007ffa7c6bb000 	C:\WINDOWS\System32\profapi.dll
0x0000000068740000 - 0x0000000068746000 	C:\Program Files\NVIDIA Corporation\CoProcManager\_etoured.dll
0x00007ffa7a9a0000 - 0x00007ffa7a9db000 	C:\Program Files\NVIDIA Corporation\CoProcManager\nvd3d9wrapx.dll
0x00007ffa7f380000 - 0x00007ffa7f7ce000 	C:\WINDOWS\System32\SETUPAPI.dll
0x00007ffa79650000 - 0x00007ffa79674000 	C:\Program Files\NVIDIA Corporation\CoProcManager\nvdxgiwrapx.dll
0x0000000066110000 - 0x00000000661e2000 	C:\Program Files\Java\jdk1.8.0_131\jre\bin\msvcr100.dll
0x0000000065870000 - 0x000000006610c000 	C:\Program Files\Java\jdk1.8.0_131\jre\bin\server\jvm.dll
0x00007ffa7d800000 - 0x00007ffa7d808000 	C:\WINDOWS\System32\PSAPI.DLL
0x00007ffa78a40000 - 0x00007ffa78a49000 	C:\WINDOWS\SYSTEM32\WSOCK32.dll
0x00007ffa7fb90000 - 0x00007ffa7fbfc000 	C:\WINDOWS\System32\WS2_32.dll
0x00007ffa7a620000 - 0x00007ffa7a643000 	C:\WINDOWS\SYSTEM32\WINMM.dll
0x00007ffa7a470000 - 0x00007ffa7a49a000 	C:\WINDOWS\SYSTEM32\WINMMBASE.dll
0x0000000065860000 - 0x000000006586f000 	C:\Program Files\Java\jdk1.8.0_131\jre\bin\verify.dll
0x0000000065830000 - 0x0000000065859000 	C:\Program Files\Java\jdk1.8.0_131\jre\bin\java.dll
0x00000000657e0000 - 0x0000000065803000 	C:\Program Files\Java\jdk1.8.0_131\jre\bin\instrument.dll
0x0000000065810000 - 0x0000000065826000 	C:\Program Files\Java\jdk1.8.0_131\jre\bin\zip.dll
0x00007ffa5ef10000 - 0x00007ffa5ef2a000 	C:\Program Files\JetBrains\IntelliJ IDEA 2017.3\bin\breakgen64.dll
0x00000000657c0000 - 0x00000000657da000 	C:\Program Files\Java\jdk1.8.0_131\jre\bin\net.dll
0x00007ffa7be70000 - 0x00007ffa7bed6000 	C:\WINDOWS\system32\mswsock.dll
0x0000000065790000 - 0x000000006579d000 	C:\Program Files\Java\jdk1.8.0_131\jre\bin\management.dll
0x00000000657a0000 - 0x00000000657b1000 	C:\Program Files\Java\jdk1.8.0_131\jre\bin\nio.dll
0x00007ffa730e0000 - 0x00007ffa730f6000 	C:\WINDOWS\system32\napinsp.dll
0x00007ffa72f80000 - 0x00007ffa72f9a000 	C:\WINDOWS\system32\pnrpnsp.dll
0x00007ffa792e0000 - 0x00007ffa792f8000 	C:\WINDOWS\system32\NLAapi.dll
0x00007ffa7bc40000 - 0x00007ffa7bcf6000 	C:\WINDOWS\SYSTEM32\DNSAPI.dll
0x00007ffa7ffc0000 - 0x00007ffa7ffc8000 	C:\WINDOWS\System32\NSI.dll
0x00007ffa7bc00000 - 0x00007ffa7bc39000 	C:\WINDOWS\SYSTEM32\IPHLPAPI.DLL
0x00007ffa78050000 - 0x00007ffa7805e000 	C:\WINDOWS\System32\winrnr.dll
0x00007ffa748b0000 - 0x00007ffa748ba000 	C:\Windows\System32\rasadhlp.dll
0x00007ffa756b0000 - 0x00007ffa75720000 	C:\WINDOWS\System32\fwpuclnt.dll
0x00007ffa7c140000 - 0x00007ffa7c165000 	C:\WINDOWS\SYSTEM32\bcrypt.dll
0x00007ffa7c040000 - 0x00007ffa7c057000 	C:\WINDOWS\SYSTEM32\CRYPTSP.dll
0x00007ffa7ba70000 - 0x00007ffa7baa3000 	C:\WINDOWS\system32\rsaenh.dll
0x00007ffa7c580000 - 0x00007ffa7c5a9000 	C:\WINDOWS\SYSTEM32\USERENV.dll
0x00007ffa7c030000 - 0x00007ffa7c03b000 	C:\WINDOWS\SYSTEM32\CRYPTBASE.dll
0x00007ffa77150000 - 0x00007ffa77166000 	C:\WINDOWS\SYSTEM32\dhcpcsvc6.DLL
0x00007ffa77080000 - 0x00007ffa7709a000 	C:\WINDOWS\SYSTEM32\dhcpcsvc.DLL
0x00007ffa6de90000 - 0x00007ffa6e058000 	C:\WINDOWS\SYSTEM32\dbghelp.dll

VM Arguments:
jvm_args: -XX:TieredStopAtLevel=1 -Xverify:none -Dspring.output.ansi.enabled=always -Dcom.sun.management.jmxremote -Dcom.sun.management.jmxremote.port=23861 -Dcom.sun.management.jmxremote.authenticate=false -Dcom.sun.management.jmxremote.ssl=false -Dspring.liveBeansView.mbeanDomain -Dspring.application.admin.enabled=true -javaagent:C:\Program Files\JetBrains\IntelliJ IDEA 2017.3\lib\idea_rt.jar=23862:C:\Program Files\JetBrains\IntelliJ IDEA 2017.3\bin -Dfile.encoding=UTF-8 
java_command: corse_work.demo.DemoApplication
java_class_path (initial): C:\Program Files\Java\jdk1.8.0_131\jre\lib\charsets.jar;C:\Program Files\Java\jdk1.8.0_131\jre\lib\deploy.jar;C:\Program Files\Java\jdk1.8.0_131\jre\lib\ext\access-bridge-64.jar;C:\Program Files\Java\jdk1.8.0_131\jre\lib\ext\cldrdata.jar;C:\Program Files\Java\jdk1.8.0_131\jre\lib\ext\dnsns.jar;C:\Program Files\Java\jdk1.8.0_131\jre\lib\ext\jaccess.jar;C:\Program Files\Java\jdk1.8.0_131\jre\lib\ext\jfxrt.jar;C:\Program Files\Java\jdk1.8.0_131\jre\lib\ext\localedata.jar;C:\Program Files\Java\jdk1.8.0_131\jre\lib\ext\nashorn.jar;C:\Program Files\Java\jdk1.8.0_131\jre\lib\ext\sunec.jar;C:\Program Files\Java\jdk1.8.0_131\jre\lib\ext\sunjce_provider.jar;C:\Program Files\Java\jdk1.8.0_131\jre\lib\ext\sunmscapi.jar;C:\Program Files\Java\jdk1.8.0_131\jre\lib\ext\sunpkcs11.jar;C:\Program Files\Java\jdk1.8.0_131\jre\lib\ext\zipfs.jar;C:\Program Files\Java\jdk1.8.0_131\jre\lib\javaws.jar;C:\Program Files\Java\jdk1.8.0_131\jre\lib\jce.jar;C:\Program Files\Java\jdk1.8.0_131\jre\lib\jfr.jar;C:\Program Files\Java\jdk1.8.0_131\jre\lib\jfxswt.jar;C:\Program Files\Java\jdk1.8.0_131\jre\lib\jsse.jar;C:\Program Files\Java\jdk1.8.0_131\jre\lib\management-agent.jar;C:\Program Files\Java\jdk1.8.0_131\jre\lib\plugin.jar;C:\Program Files\Java\jdk1.8.0_131\jre\lib\resources.jar;C:\Program Files\Java\jdk1.8.0_131\jre\lib\rt.jar;E:\ipz_kursova\ipz-server\out\production\classes;E:\ipz_kursova\ipz-server\out\production\resources;C:\Users\savch\.gradle\caches\modules-2\files-2.1\org.springframework.boot\spring-boot-starter-data-jpa\2.0.0.RELEASE\cc7bc2df046149870255d22367f8f7276eb82e98\spring-boot-starter-data-jpa-2.0.0.RELEASE.jar;C:\Users\savch\.gradle\caches\modules-2\files-2.1\org.modelmapper\modelmapper\0.3.5\7c8d140f712fb3357dd8b9d00a0f0396b5863c6f\modelmapper-0.3.5.jar;C:\Users\savch\.gradle\caches\modules-2\files-2.1\org.springframework.boot\spring-boot-starter-data-rest\2.0.0.RELEASE\ebf929e1d4ba783f3e32459fe8d29cb61ddbb92\spring-boot-starter-data-rest-2.0.0.R
Launcher Type: SUN_STANDARD

Environment Variables:
JAVA_HOME=C:\Program Files\Java\jdk1.8.0_131
PATH=C:\ProgramData\Oracle\Java\javapath;C:\WINDOWS\system32;C:\WINDOWS;C:\WINDOWS\System32\Wbem;C:\WINDOWS\System32\WindowsPowerShell\v1.0\;C:\Program Files\Git\cmd;C:\Program Files\Java\jdk1.8.0_131\bin;C:\Gradle\bin;C:\Program Files (x86)\Intel\OpenCL SDK\2.0\bin\x86;C:\Program Files (x86)\Intel\OpenCL SDK\2.0\bin\x64;C:\Program Files\nodejs\;C:\Program Files (x86)\Windows Kits\8.1\Windows Performance Toolkit\;C:\Users\savch\AppData\Local\Microsoft\WindowsApps;C:\Program Files (x86)\Microsoft VS Code\bin;C:\Users\savch\Downloads;C:\Users\savch\Downloads\curl-7.57.0-win64-mingw\bin;C:\Users\savch\AppData\Roaming\npm;
USERNAME=savch
OS=Windows_NT
PROCESSOR_IDENTIFIER=Intel64 Family 6 Model 42 Stepping 7, GenuineIntel



---------------  S Y S T E M  ---------------

OS: Windows 10.0 , 64 bit Build 16299 (10.0.16299.15)

CPU:total 4 (initial active 4) (2 cores per cpu, 2 threads per core) family 6 model 42 stepping 7, cmov, cx8, fxsr, mmx, sse, sse2, sse3, ssse3, sse4.1, sse4.2, popcnt, avx, clmul, ht, tsc, tscinvbit

Memory: 4k page, physical 8300072k(543096k free), swap 14503232k(1862584k free)

vm_info: Java HotSpot(TM) 64-Bit Server VM (25.131-b11) for windows-amd64 JRE (1.8.0_131-b11), built on Mar 15 2017 01:23:53 by "java_re" with MS VC++ 10.0 (VS2010)

time: Thu Mar 29 20:48:49 2018
elapsed time: 14 seconds (0d 0h 0m 14s)

