

Current thread (0x00000000050cd800):  GCTaskThread [stack: 0x0000000014d20000,0x0000000014e20000] [id=9532]

siginfo: ExceptionCode=0xc0000005, reading address 0x00000000000000e8

Registers:
RAX=0x0000000000000000, RBX=0x00000000de72c160, RCX=0x00000001000eebf0, RDX=0x00000000de72c160
RSP=0x0000000014e1f728, RBP=0x0000000014670981, RSI=0x00000000051a2300, RDI=0x0000000081527c00
R8 =0x0000000000000000, R9 =0x00000001000eebf0, R10=0x0000000000000008, R11=0x00000000ddcdd010
R12=0x000000001467093c, R13=0x0000000000000009, R14=0x0000000000000000, R15=0x00000000050c9770
RIP=0x0000000054c2fd12, EFLAGS=0x0000000000010246

Top of Stack: (sp=0x0000000014e1f728)
0x0000000014e1f728:   0000000054f80db2 00000000de72c150
0x0000000014e1f738:   0000000000000002 00000000051a2300
0x0000000014e1f748:   0000000054f7ddf5 00000000ddcd5020
0x0000000014e1f758:   0000000000001000 0000000004dc0000
0x0000000014e1f768:   000000005539c7a0 0000000000000000
0x0000000014e1f778:   00000000051a2300 000000001467093c
0x0000000014e1f788:   0000000054f81120 00000000ddcdaba0
0x0000000014e1f798:   0000000014670981 00000000051a2300
0x0000000014e1f7a8:   0000000081527c00 00000000ddcdaba0
0x0000000014e1f7b8:   0000000054f81cc5 0000000000000003
0x0000000014e1f7c8:   00007ffc4bbe3b7f 0000000014e1f878
0x0000000014e1f7d8:   000000000b180000 000000000b17f496
0x0000000014e1f7e8:   0000000054cb8fd8 00000000814e8834
0x0000000014e1f7f8:   0000000054c954b7 00000000814e8855
0x0000000014e1f808:   00000000814e8855 0000000081467999
0x0000000014e1f818:   0000000081467999 0000000081527a38 

Instructions: (pc=0x0000000054c2fd12)
0x0000000054c2fcf2:   e2 49 8d 0c 11 49 f7 d1 48 03 c1 49 c1 e9 03 48
0x0000000054c2fd02:   c1 e8 03 41 23 c1 c3 48 8b 02 48 8b d1 49 8b c9
0x0000000054c2fd12:   48 ff a0 e8 00 00 00 cc cc cc cc cc cc cc 80 3d
0x0000000054c2fd22:   8a d6 75 00 00 48 8b c1 74 1b 8b 51 08 8b 0d 73 


Register to memory mapping:

RAX=0x0000000000000000 is an unknown value
RBX=0x00000000de72c160 is an oop

[error occurred during error reporting (printing register info), id 0xc0000005]

Stack: [0x0000000014d20000,0x0000000014e20000],  sp=0x0000000014e1f728,  free space=1021k
Native frames: (J=compiled Java code, j=interpreted, Vv=VM code, C=native code)
V  [jvm.dll+0xafd12]


---------------  P R O C E S S  ---------------

Java Threads: ( => current thread )
  0x000000001c51a800 JavaThread "RMI TCP Connection(4)-192.168.62.1" daemon [_thread_in_native, id=1652, stack(0x000000001d9f0000,0x000000001daf0000)]
  0x000000001c00c800 JavaThread "RMI Scheduler(0)" daemon [_thread_blocked, id=9692, stack(0x000000001ceb0000,0x000000001cfb0000)]
  0x000000001c00c000 JavaThread "RMI TCP Connection(3)-192.168.62.1" daemon [_thread_in_native, id=7256, stack(0x000000001cdb0000,0x000000001ceb0000)]
  0x000000001bfa5000 JavaThread "RMI TCP Connection(1)-127.0.0.1" daemon [_thread_in_native, id=6908, stack(0x000000001cbb0000,0x000000001ccb0000)]
  0x000000001bfa1800 JavaThread "RMI TCP Accept-0" daemon [_thread_in_native, id=5980, stack(0x000000001cab0000,0x000000001cbb0000)]
  0x000000001bf94800 JavaThread "RMI TCP Accept-6241" daemon [_thread_in_native, id=6236, stack(0x000000001c9b0000,0x000000001cab0000)]
  0x000000001bf8f800 JavaThread "RMI TCP Accept-0" daemon [_thread_in_native, id=10816, stack(0x000000001c8b0000,0x000000001c9b0000)]
  0x000000001b849800 JavaThread "Service Thread" daemon [_thread_blocked, id=6808, stack(0x000000001bc70000,0x000000001bd70000)]
  0x000000001b7a7800 JavaThread "C1 CompilerThread2" daemon [_thread_blocked, id=7720, stack(0x000000001bb70000,0x000000001bc70000)]
  0x000000001b7a6000 JavaThread "C2 CompilerThread1" daemon [_thread_blocked, id=8008, stack(0x000000001ba70000,0x000000001bb70000)]
  0x000000001b7a5000 JavaThread "C2 CompilerThread0" daemon [_thread_blocked, id=7672, stack(0x000000001b970000,0x000000001ba70000)]
  0x000000001b797800 JavaThread "Monitor Ctrl-Break" daemon [_thread_in_native, id=11032, stack(0x000000001b870000,0x000000001b970000)]
  0x0000000019e2b000 JavaThread "Attach Listener" daemon [_thread_blocked, id=6460, stack(0x000000001b370000,0x000000001b470000)]
  0x0000000019e2a000 JavaThread "Signal Dispatcher" daemon [_thread_blocked, id=8928, stack(0x000000001b270000,0x000000001b370000)]
  0x00000000051ab800 JavaThread "Finalizer" daemon [_thread_blocked, id=10020, stack(0x000000001b080000,0x000000001b180000)]
  0x00000000051a6000 JavaThread "Reference Handler" daemon [_thread_blocked, id=1132, stack(0x000000001af80000,0x000000001b080000)]
  0x00000000050b1800 JavaThread "main" [_thread_blocked, id=10476, stack(0x0000000004fb0000,0x00000000050b0000)]

Other Threads:
  0x0000000019de7000 VMThread [stack: 0x000000001ae80000,0x000000001af80000] [id=3160]
  0x000000001bfa5800 WatcherThread [stack: 0x000000001ccb0000,0x000000001cdb0000] [id=4864]

=>0x00000000050cd800 (exited) GCTaskThread [stack: 0x0000000014d20000,0x0000000014e20000] [id=9532]

VM state:at safepoint (normal execution)

VM Mutex/Monitor currently owned by a thread:  ([mutex/lock_event])
[0x00000000050b0150] Threads_lock - owner thread: 0x0000000019de7000
[0x00000000050b0a50] Heap_lock - owner thread: 0x00000000050b1800

Heap:
 PSYoungGen      total 123392K, used 122912K [0x00000000d5c00000, 0x00000000def00000, 0x0000000100000000)
  eden space 114688K, 100% used [0x00000000d5c00000,0x00000000dcc00000,0x00000000dcc00000)
  from space 8704K, 94% used [0x00000000de680000,0x00000000dee88108,0x00000000def00000)
  to   space 9728K, 91% used [0x00000000ddc00000,0x00000000de4a74f0,0x00000000de580000)
 ParOldGen       total 49664K, used 5142K [0x0000000081400000, 0x0000000084480000, 0x00000000d5c00000)
  object space 49664K, 10% used [0x0000000081400000,0x0000000081905be0,0x0000000084480000)
 Metaspace       used 26991K, capacity 27952K, committed 28032K, reserved 1073152K
  class space    used 3703K, capacity 3938K, committed 3968K, reserved 1048576K

Card table byte_map: [0x0000000014670000,0x0000000014a70000] byte_map_base: 0x0000000014266000

Marking Bits: (ParMarkBitMap*) 0x000000005539c720
 Begin Bits: [0x0000000015120000, 0x00000000170d0000)
 End Bits:   [0x00000000170d0000, 0x0000000019080000)

Polling page: 0x0000000003090000

CodeCache: size=245760Kb used=6132Kb max_used=6132Kb free=239627Kb
 bounds [0x00000000052b0000, 0x00000000058b0000, 0x00000000142b0000]
 total_blobs=3251 nmethods=2846 adapters=317
 compilation: enabled

Compilation events (10 events):
Event: 5.504 Thread 0x000000001b7a7800 nmethod 2841 0x00000000058ab450 code [0x00000000058ab5e0, 0x00000000058ab948]
Event: 5.505 Thread 0x000000001b7a7800 2843       1       java.util.TreeMap$Values::size (8 bytes)
Event: 5.506 Thread 0x000000001b7a7800 nmethod 2843 0x00000000058abd50 code [0x00000000058abea0, 0x00000000058abfb0]
Event: 5.506 Thread 0x000000001b7a7800 2844       1       java.util.TreeMap$Values::iterator (19 bytes)
Event: 5.506 Thread 0x000000001b7a7800 nmethod 2844 0x00000000058ac050 code [0x00000000058ac1a0, 0x00000000058ac390]
Event: 5.506 Thread 0x000000001b7a7800 2845       1       java.util.TreeMap$ValueIterator::<init> (12 bytes)
Event: 5.506 Thread 0x000000001b7a7800 nmethod 2845 0x00000000058ac490 code [0x00000000058ac5e0, 0x00000000058ac750]
Event: 5.508 Thread 0x000000001b7a7800 2847  s    1       java.beans.MethodDescriptor::setParams (74 bytes)
Event: 5.509 Thread 0x000000001b7a7800 nmethod 2847 0x00000000058ac810 code [0x00000000058ac9c0, 0x00000000058ad068]
Event: 5.509 Thread 0x000000001b7a7800 2846  s    1       java.beans.MethodDescriptor::setMethod (41 bytes)

GC Heap History (10 events):
Event: 2.370 GC heap after
Heap after GC invocations=3 (full 0):
 PSYoungGen      total 38400K, used 5104K [0x00000000d5c00000, 0x00000000da700000, 0x0000000100000000)
  eden space 33280K, 0% used [0x00000000d5c00000,0x00000000d5c00000,0x00000000d7c80000)
  from space 5120K, 99% used [0x00000000d7c80000,0x00000000d817c148,0x00000000d8180000)
  to   space 5120K, 0% used [0x00000000da200000,0x00000000da200000,0x00000000da700000)
 ParOldGen       total 87552K, used 1908K [0x0000000081400000, 0x0000000086980000, 0x00000000d5c00000)
  object space 87552K, 2% used [0x0000000081400000,0x00000000815dd000,0x0000000086980000)
 Metaspace       used 16542K, capacity 17064K, committed 17280K, reserved 1064960K
  class space    used 2258K, capacity 2420K, committed 2432K, reserved 1048576K
}
Event: 2.926 GC heap before
{Heap before GC invocations=4 (full 0):
 PSYoungGen      total 38400K, used 38384K [0x00000000d5c00000, 0x00000000da700000, 0x0000000100000000)
  eden space 33280K, 100% used [0x00000000d5c00000,0x00000000d7c80000,0x00000000d7c80000)
  from space 5120K, 99% used [0x00000000d7c80000,0x00000000d817c148,0x00000000d8180000)
  to   space 5120K, 0% used [0x00000000da200000,0x00000000da200000,0x00000000da700000)
 ParOldGen       total 87552K, used 1908K [0x0000000081400000, 0x0000000086980000, 0x00000000d5c00000)
  object space 87552K, 2% used [0x0000000081400000,0x00000000815dd000,0x0000000086980000)
 Metaspace       used 19768K, capacity 20388K, committed 20608K, reserved 1067008K
  class space    used 2666K, capacity 2850K, committed 2944K, reserved 1048576K
Event: 2.946 GC heap after
Heap after GC invocations=4 (full 0):
 PSYoungGen      total 71680K, used 5092K [0x00000000d5c00000, 0x00000000da700000, 0x0000000100000000)
  eden space 66560K, 0% used [0x00000000d5c00000,0x00000000d5c00000,0x00000000d9d00000)
  from space 5120K, 99% used [0x00000000da200000,0x00000000da6f91d8,0x00000000da700000)
  to   space 5120K, 0% used [0x00000000d9d00000,0x00000000d9d00000,0x00000000da200000)
 ParOldGen       total 87552K, used 4604K [0x0000000081400000, 0x0000000086980000, 0x00000000d5c00000)
  object space 87552K, 5% used [0x0000000081400000,0x000000008187f318,0x0000000086980000)
 Metaspace       used 19768K, capacity 20388K, committed 20608K, reserved 1067008K
  class space    used 2666K, capacity 2850K, committed 2944K, reserved 1048576K
}
Event: 2.998 GC heap before
{Heap before GC invocations=5 (full 0):
 PSYoungGen      total 71680K, used 8600K [0x00000000d5c00000, 0x00000000da700000, 0x0000000100000000)
  eden space 66560K, 5% used [0x00000000d5c00000,0x00000000d5f6d1e8,0x00000000d9d00000)
  from space 5120K, 99% used [0x00000000da200000,0x00000000da6f91d8,0x00000000da700000)
  to   space 5120K, 0% used [0x00000000d9d00000,0x00000000d9d00000,0x00000000da200000)
 ParOldGen       total 87552K, used 4604K [0x0000000081400000, 0x0000000086980000, 0x00000000d5c00000)
  object space 87552K, 5% used [0x0000000081400000,0x000000008187f318,0x0000000086980000)
 Metaspace       used 20592K, capacity 21156K, committed 21296K, reserved 1067008K
  class space    used 2758K, capacity 2914K, committed 2944K, reserved 1048576K
Event: 3.010 GC heap after
Heap after GC invocations=5 (full 0):
 PSYoungGen      total 71680K, used 5088K [0x00000000d5c00000, 0x00000000def00000, 0x0000000100000000)
  eden space 66560K, 0% used [0x00000000d5c00000,0x00000000d5c00000,0x00000000d9d00000)
  from space 5120K, 99% used [0x00000000d9d00000,0x00000000da1f80a0,0x00000000da200000)
  to   space 8704K, 0% used [0x00000000de680000,0x00000000de680000,0x00000000def00000)
 ParOldGen       total 87552K, used 4655K [0x0000000081400000, 0x0000000086980000, 0x00000000d5c00000)
  object space 87552K, 5% used [0x0000000081400000,0x000000008188bdc0,0x0000000086980000)
 Metaspace       used 20592K, capacity 21156K, committed 21296K, reserved 1067008K
  class space    used 2758K, capacity 2914K, committed 2944K, reserved 1048576K
}
Event: 3.010 GC heap before
{Heap before GC invocations=6 (full 1):
 PSYoungGen      total 71680K, used 5088K [0x00000000d5c00000, 0x00000000def00000, 0x0000000100000000)
  eden space 66560K, 0% used [0x00000000d5c00000,0x00000000d5c00000,0x00000000d9d00000)
  from space 5120K, 99% used [0x00000000d9d00000,0x00000000da1f80a0,0x00000000da200000)
  to   space 8704K, 0% used [0x00000000de680000,0x00000000de680000,0x00000000def00000)
 ParOldGen       total 87552K, used 4655K [0x0000000081400000, 0x0000000086980000, 0x00000000d5c00000)
  object space 87552K, 5% used [0x0000000081400000,0x000000008188bdc0,0x0000000086980000)
 Metaspace       used 20592K, capacity 21156K, committed 21296K, reserved 1067008K
  class space    used 2758K, capacity 2914K, committed 2944K, reserved 1048576K
Event: 3.071 GC heap after
Heap after GC invocations=6 (full 1):
 PSYoungGen      total 71680K, used 0K [0x00000000d5c00000, 0x00000000def00000, 0x0000000100000000)
  eden space 66560K, 0% used [0x00000000d5c00000,0x00000000d5c00000,0x00000000d9d00000)
  from space 5120K, 0% used [0x00000000d9d00000,0x00000000d9d00000,0x00000000da200000)
  to   space 8704K, 0% used [0x00000000de680000,0x00000000de680000,0x00000000def00000)
 ParOldGen       total 49664K, used 5062K [0x0000000081400000, 0x0000000084480000, 0x00000000d5c00000)
  object space 49664K, 10% used [0x0000000081400000,0x00000000818f1bd0,0x0000000084480000)
 Metaspace       used 20592K, capacity 21156K, committed 21296K, reserved 1067008K
  class space    used 2758K, capacity 2914K, committed 2944K, reserved 1048576K
}
Event: 4.322 GC heap before
{Heap before GC invocations=7 (full 1):
 PSYoungGen      total 71680K, used 66559K [0x00000000d5c00000, 0x00000000def00000, 0x0000000100000000)
  eden space 66560K, 99% used [0x00000000d5c00000,0x00000000d9cfffe8,0x00000000d9d00000)
  from space 5120K, 0% used [0x00000000d9d00000,0x00000000d9d00000,0x00000000da200000)
  to   space 8704K, 0% used [0x00000000de680000,0x00000000de680000,0x00000000def00000)
 ParOldGen       total 49664K, used 5062K [0x0000000081400000, 0x0000000084480000, 0x00000000d5c00000)
  object space 49664K, 10% used [0x0000000081400000,0x00000000818f1bd0,0x0000000084480000)
 Metaspace       used 23017K, capacity 23682K, committed 23808K, reserved 1069056K
  class space    used 3114K, capacity 3299K, committed 3328K, reserved 1048576K
Event: 4.334 GC heap after
Heap after GC invocations=7 (full 1):
 PSYoungGen      total 123392K, used 8224K [0x00000000d5c00000, 0x00000000def00000, 0x0000000100000000)
  eden space 114688K, 0% used [0x00000000d5c00000,0x00000000d5c00000,0x00000000dcc00000)
  from space 8704K, 94% used [0x00000000de680000,0x00000000dee88108,0x00000000def00000)
  to   space 9728K, 0% used [0x00000000ddc00000,0x00000000ddc00000,0x00000000de580000)
 ParOldGen       total 49664K, used 5134K [0x0000000081400000, 0x0000000084480000, 0x00000000d5c00000)
  object space 49664K, 10% used [0x0000000081400000,0x0000000081903be0,0x0000000084480000)
 Metaspace       used 23017K, capacity 23682K, committed 23808K, reserved 1069056K
  class space    used 3114K, capacity 3299K, committed 3328K, reserved 1048576K
}
Event: 5.510 GC heap before
{Heap before GC invocations=8 (full 1):
 PSYoungGen      total 123392K, used 122912K [0x00000000d5c00000, 0x00000000def00000, 0x0000000100000000)
  eden space 114688K, 100% used [0x00000000d5c00000,0x00000000dcc00000,0x00000000dcc00000)
  from space 8704K, 94% used [0x00000000de680000,0x00000000dee88108,0x00000000def00000)
  to   space 9728K, 0% used [0x00000000ddc00000,0x00000000ddc00000,0x00000000de580000)
 ParOldGen       total 49664K, used 5134K [0x0000000081400000, 0x0000000084480000, 0x00000000d5c00000)
  object space 49664K, 10% used [0x0000000081400000,0x0000000081903be0,0x0000000084480000)
 Metaspace       used 26991K, capacity 27952K, committed 28032K, reserved 1073152K
  class space    used 3703K, capacity 3938K, committed 3968K, reserved 1048576K

Deoptimization events (0 events):
No events

Internal exceptions (10 events):
Event: 5.501 Thread 0x00000000050b1800 Exception <a 'java/lang/ClassNotFoundException': org/springframework/aop/framework/autoproxy/AbstractBeanFactoryAwareAdvisingPostProcessorCustomizer> (0x00000000dcafd4a8) thrown at [C:\re\workspace\8-2-build-windows-amd64-cygwin\jdk8u131\8869\hotspot\src\
Event: 5.502 Thread 0x00000000050b1800 Exception <a 'java/lang/ClassNotFoundException': org/springframework/dao/annotation/PersistenceExceptionTranslationPostProcessorCustomizer> (0x00000000dcb1df70) thrown at [C:\re\workspace\8-2-build-windows-amd64-cygwin\jdk8u131\8869\hotspot\src\share\vm\c
Event: 5.502 Thread 0x00000000050b1800 Exception <a 'java/lang/ArrayIndexOutOfBoundsException'> (0x00000000dcb20eb0) thrown at [C:\re\workspace\8-2-build-windows-amd64-cygwin\jdk8u131\8869\hotspot\src\share\vm\runtime\sharedRuntime.cpp, line 605]
Event: 5.503 Thread 0x00000000050b1800 Exception <a 'java/lang/ClassNotFoundException': org/springframework/beans/factory/BeanFactoryAwareCustomizer> (0x00000000dcb48058) thrown at [C:\re\workspace\8-2-build-windows-amd64-cygwin\jdk8u131\8869\hotspot\src\share\vm\classfile\systemDictionary.cpp
Event: 5.504 Thread 0x00000000050b1800 Exception <a 'java/lang/ClassNotFoundException': org/springframework/beans/factory/config/BeanPostProcessorCustomizer> (0x00000000dcb61b88) thrown at [C:\re\workspace\8-2-build-windows-amd64-cygwin\jdk8u131\8869\hotspot\src\share\vm\classfile\systemDictio
Event: 5.504 Thread 0x00000000050b1800 Exception <a 'java/lang/ClassNotFoundException': org/springframework/core/OrderedCustomizer> (0x00000000dcb74910) thrown at [C:\re\workspace\8-2-build-windows-amd64-cygwin\jdk8u131\8869\hotspot\src\share\vm\classfile\systemDictionary.cpp, line 210]
Event: 5.505 Thread 0x00000000050b1800 Exception <a 'java/lang/ClassNotFoundException': org/springframework/beans/factory/BeanClassLoaderAwareCustomizer> (0x00000000dcb8c968) thrown at [C:\re\workspace\8-2-build-windows-amd64-cygwin\jdk8u131\8869\hotspot\src\share\vm\classfile\systemDictionary
Event: 5.505 Thread 0x00000000050b1800 Exception <a 'java/lang/ClassNotFoundException': org/springframework/aop/framework/AopInfrastructureBeanCustomizer> (0x00000000dcba4ee0) thrown at [C:\re\workspace\8-2-build-windows-amd64-cygwin\jdk8u131\8869\hotspot\src\share\vm\classfile\systemDictionar
Event: 5.508 Thread 0x00000000050b1800 Exception <a 'java/lang/ClassNotFoundException': java/lang/ObjectCustomizer> (0x00000000dcbccbf8) thrown at [C:\re\workspace\8-2-build-windows-amd64-cygwin\jdk8u131\8869\hotspot\src\share\vm\classfile\systemDictionary.cpp, line 210]
Event: 5.509 Thread 0x00000000050b1800 Exception <a 'java/lang/ClassNotFoundException': org/springframework/boot/web/server/WebServerFactoryCustomizerBeanPostProcessorCustomizer> (0x00000000dcbed9a8) thrown at [C:\re\workspace\8-2-build-windows-amd64-cygwin\jdk8u131\8869\hotspot\src\share\vm\c

Events (10 events):
Event: 5.508 loading class org/springframework/boot/web/server/WebServerFactoryCustomizerBeanPostProcessorCustomizer done
Event: 5.509 loading class org/springframework/boot/web/server/WebServerFactoryCustomizerBeanPostProcessorCustomizer
Event: 5.509 loading class org/springframework/boot/web/server/WebServerFactoryCustomizerBeanPostProcessorCustomizer done
Event: 5.509 loading class org/springframework/boot/web/server/WebServerFactoryCustomizerBeanPostProcessorCustomizer
Event: 5.509 loading class org/springframework/boot/web/server/WebServerFactoryCustomizerBeanPostProcessorCustomizer done
Event: 5.509 loading class org/springframework/beans/factory/config/BeanPostProcessorCustomizer
Event: 5.509 loading class org/springframework/beans/factory/config/BeanPostProcessorCustomizer done
Event: 5.510 loading class org/springframework/beans/factory/config/BeanPostProcessorCustomizer
Event: 5.510 loading class org/springframework/beans/factory/config/BeanPostProcessorCustomizer done
Event: 5.510 Executing VM operation: ParallelGCFailedAllocation


Dynamic libraries:
0x00007ff6f67e0000 - 0x00007ff6f6817000 	C:\Program Files\Java\jdk1.8.0_131\bin\java.exe
0x00007ffc4ed30000 - 0x00007ffc4ef10000 	C:\WINDOWS\SYSTEM32\ntdll.dll
0x00007ffc4da20000 - 0x00007ffc4dace000 	C:\WINDOWS\System32\KERNEL32.DLL
0x00007ffc4bbd0000 - 0x00007ffc4be36000 	C:\WINDOWS\System32\KERNELBASE.dll
0x00007ffc4ec40000 - 0x00007ffc4ece1000 	C:\WINDOWS\System32\ADVAPI32.dll
0x00007ffc4c3a0000 - 0x00007ffc4c43d000 	C:\WINDOWS\System32\msvcrt.dll
0x00007ffc4c440000 - 0x00007ffc4c49b000 	C:\WINDOWS\System32\sechost.dll
0x00007ffc4de30000 - 0x00007ffc4df4f000 	C:\WINDOWS\System32\RPCRT4.dll
0x00007ffc4c210000 - 0x00007ffc4c39f000 	C:\WINDOWS\System32\USER32.dll
0x00007ffc4c1e0000 - 0x00007ffc4c200000 	C:\WINDOWS\System32\win32u.dll
0x00007ffc4c4a0000 - 0x00007ffc4c4c8000 	C:\WINDOWS\System32\GDI32.dll
0x00007ffc4b1e0000 - 0x00007ffc4b373000 	C:\WINDOWS\System32\gdi32full.dll
0x00007ffc4c140000 - 0x00007ffc4c1db000 	C:\WINDOWS\System32\msvcp_win.dll
0x00007ffc4bad0000 - 0x00007ffc4bbc6000 	C:\WINDOWS\System32\ucrtbase.dll
0x00007ffc39280000 - 0x00007ffc394e9000 	C:\WINDOWS\WinSxS\amd64_microsoft.windows.common-controls_6595b64144ccf1df_6.0.16299.309_none_15cfd4c4935e6b11\COMCTL32.dll
0x00007ffc4df50000 - 0x00007ffc4e258000 	C:\WINDOWS\System32\combase.dll
0x00007ffc4be40000 - 0x00007ffc4beb2000 	C:\WINDOWS\System32\bcryptPrimitives.dll
0x00007ffc4db50000 - 0x00007ffc4db7d000 	C:\WINDOWS\System32\IMM32.DLL
0x00007ffc4a840000 - 0x00007ffc4a870000 	C:\Windows\system32\DriverStore\FileRepository\nvsmwu.inf_amd64_40e2f893a8ddfad8\nvinitx.dll
0x00007ffc4a830000 - 0x00007ffc4a83a000 	C:\WINDOWS\SYSTEM32\VERSION.dll
0x00007ffc4c5e0000 - 0x00007ffc4da16000 	C:\WINDOWS\System32\Shell32.dll
0x00007ffc4b130000 - 0x00007ffc4b17a000 	C:\WINDOWS\System32\cfgmgr32.dll
0x00007ffc4dd20000 - 0x00007ffc4ddc6000 	C:\WINDOWS\System32\shcore.dll
0x00007ffc4b380000 - 0x00007ffc4bac7000 	C:\WINDOWS\System32\windows.storage.dll
0x00007ffc4ddd0000 - 0x00007ffc4de21000 	C:\WINDOWS\System32\shlwapi.dll
0x00007ffc4b0f0000 - 0x00007ffc4b101000 	C:\WINDOWS\System32\kernel.appcore.dll
0x00007ffc4b080000 - 0x00007ffc4b0cc000 	C:\WINDOWS\System32\powrprof.dll
0x00007ffc4b0d0000 - 0x00007ffc4b0eb000 	C:\WINDOWS\System32\profapi.dll
0x0000000058230000 - 0x0000000058236000 	C:\Program Files\NVIDIA Corporation\CoProcManager\_etoured.dll
0x00007ffc47230000 - 0x00007ffc4726b000 	C:\Program Files\NVIDIA Corporation\CoProcManager\nvd3d9wrapx.dll
0x00007ffc4e570000 - 0x00007ffc4e9be000 	C:\WINDOWS\System32\SETUPAPI.dll
0x00007ffc47040000 - 0x00007ffc47064000 	C:\Program Files\NVIDIA Corporation\CoProcManager\nvdxgiwrapx.dll
0x0000000055420000 - 0x00000000554f2000 	C:\Program Files\Java\jdk1.8.0_131\jre\bin\msvcr100.dll
0x0000000054b80000 - 0x000000005541c000 	C:\Program Files\Java\jdk1.8.0_131\jre\bin\server\jvm.dll
0x00007ffc4c200000 - 0x00007ffc4c208000 	C:\WINDOWS\System32\PSAPI.DLL
0x00007ffc36860000 - 0x00007ffc36869000 	C:\WINDOWS\SYSTEM32\WSOCK32.dll
0x00007ffc4dad0000 - 0x00007ffc4db3c000 	C:\WINDOWS\System32\WS2_32.dll
0x00007ffc48ff0000 - 0x00007ffc49013000 	C:\WINDOWS\SYSTEM32\WINMM.dll
0x00007ffc48cf0000 - 0x00007ffc48d1a000 	C:\WINDOWS\SYSTEM32\WINMMBASE.dll
0x0000000054b70000 - 0x0000000054b7f000 	C:\Program Files\Java\jdk1.8.0_131\jre\bin\verify.dll
0x0000000054b40000 - 0x0000000054b69000 	C:\Program Files\Java\jdk1.8.0_131\jre\bin\java.dll
0x0000000054b10000 - 0x0000000054b33000 	C:\Program Files\Java\jdk1.8.0_131\jre\bin\instrument.dll
0x0000000054af0000 - 0x0000000054b06000 	C:\Program Files\Java\jdk1.8.0_131\jre\bin\zip.dll
0x00007ffc47a50000 - 0x00007ffc47a6a000 	C:\Program Files\JetBrains\IntelliJ IDEA 2017.3\bin\breakgen64.dll
0x0000000054ad0000 - 0x0000000054aea000 	C:\Program Files\Java\jdk1.8.0_131\jre\bin\net.dll
0x00007ffc4a520000 - 0x00007ffc4a586000 	C:\WINDOWS\system32\mswsock.dll
0x0000000054ac0000 - 0x0000000054acd000 	C:\Program Files\Java\jdk1.8.0_131\jre\bin\management.dll
0x0000000054aa0000 - 0x0000000054ab1000 	C:\Program Files\Java\jdk1.8.0_131\jre\bin\nio.dll
0x00007ffc475d0000 - 0x00007ffc475e6000 	C:\WINDOWS\system32\napinsp.dll
0x00007ffc475b0000 - 0x00007ffc475ca000 	C:\WINDOWS\system32\pnrpnsp.dll
0x00007ffc47a10000 - 0x00007ffc47a28000 	C:\WINDOWS\system32\NLAapi.dll
0x00007ffc4a2f0000 - 0x00007ffc4a3a6000 	C:\WINDOWS\SYSTEM32\DNSAPI.dll
0x00007ffc4db40000 - 0x00007ffc4db48000 	C:\WINDOWS\System32\NSI.dll
0x00007ffc4a2b0000 - 0x00007ffc4a2e9000 	C:\WINDOWS\SYSTEM32\IPHLPAPI.DLL
0x00007ffc475a0000 - 0x00007ffc475ae000 	C:\WINDOWS\System32\winrnr.dll
0x00007ffc43e60000 - 0x00007ffc43e6a000 	C:\Windows\System32\rasadhlp.dll
0x00007ffc44590000 - 0x00007ffc44600000 	C:\WINDOWS\System32\fwpuclnt.dll
0x00007ffc4abb0000 - 0x00007ffc4abd5000 	C:\WINDOWS\SYSTEM32\bcrypt.dll
0x00007ffc4adb0000 - 0x00007ffc4adc7000 	C:\WINDOWS\SYSTEM32\CRYPTSP.dll
0x00007ffc4a120000 - 0x00007ffc4a153000 	C:\WINDOWS\system32\rsaenh.dll
0x00007ffc4af80000 - 0x00007ffc4afa9000 	C:\WINDOWS\SYSTEM32\USERENV.dll
0x00007ffc4a740000 - 0x00007ffc4a74b000 	C:\WINDOWS\SYSTEM32\CRYPTBASE.dll
0x00007ffc458c0000 - 0x00007ffc458d6000 	C:\WINDOWS\SYSTEM32\dhcpcsvc6.DLL
0x00007ffc45630000 - 0x00007ffc4564a000 	C:\WINDOWS\SYSTEM32\dhcpcsvc.DLL
0x00007ffc4abe0000 - 0x00007ffc4ada8000 	C:\WINDOWS\SYSTEM32\dbghelp.dll

VM Arguments:
jvm_args: -XX:TieredStopAtLevel=1 -Xverify:none -Dspring.output.ansi.enabled=always -Dcom.sun.management.jmxremote -Dcom.sun.management.jmxremote.port=6241 -Dcom.sun.management.jmxremote.authenticate=false -Dcom.sun.management.jmxremote.ssl=false -Dspring.liveBeansView.mbeanDomain -Dspring.application.admin.enabled=true -javaagent:C:\Program Files\JetBrains\IntelliJ IDEA 2017.3\lib\idea_rt.jar=6242:C:\Program Files\JetBrains\IntelliJ IDEA 2017.3\bin -Dfile.encoding=UTF-8 
java_command: corse_work.demo.DemoApplication
java_class_path (initial): C:\Program Files\Java\jdk1.8.0_131\jre\lib\charsets.jar;C:\Program Files\Java\jdk1.8.0_131\jre\lib\deploy.jar;C:\Program Files\Java\jdk1.8.0_131\jre\lib\ext\access-bridge-64.jar;C:\Program Files\Java\jdk1.8.0_131\jre\lib\ext\cldrdata.jar;C:\Program Files\Java\jdk1.8.0_131\jre\lib\ext\dnsns.jar;C:\Program Files\Java\jdk1.8.0_131\jre\lib\ext\jaccess.jar;C:\Program Files\Java\jdk1.8.0_131\jre\lib\ext\jfxrt.jar;C:\Program Files\Java\jdk1.8.0_131\jre\lib\ext\localedata.jar;C:\Program Files\Java\jdk1.8.0_131\jre\lib\ext\nashorn.jar;C:\Program Files\Java\jdk1.8.0_131\jre\lib\ext\sunec.jar;C:\Program Files\Java\jdk1.8.0_131\jre\lib\ext\sunjce_provider.jar;C:\Program Files\Java\jdk1.8.0_131\jre\lib\ext\sunmscapi.jar;C:\Program Files\Java\jdk1.8.0_131\jre\lib\ext\sunpkcs11.jar;C:\Program Files\Java\jdk1.8.0_131\jre\lib\ext\zipfs.jar;C:\Program Files\Java\jdk1.8.0_131\jre\lib\javaws.jar;C:\Program Files\Java\jdk1.8.0_131\jre\lib\jce.jar;C:\Program Files\Java\jdk1.8.0_131\jre\lib\jfr.jar;C:\Program Files\Java\jdk1.8.0_131\jre\lib\jfxswt.jar;C:\Program Files\Java\jdk1.8.0_131\jre\lib\jsse.jar;C:\Program Files\Java\jdk1.8.0_131\jre\lib\management-agent.jar;C:\Program Files\Java\jdk1.8.0_131\jre\lib\plugin.jar;C:\Program Files\Java\jdk1.8.0_131\jre\lib\resources.jar;C:\Program Files\Java\jdk1.8.0_131\jre\lib\rt.jar;E:\ipz_kursova\ipz-server\out\production\classes;E:\ipz_kursova\ipz-server\out\production\resources;C:\Users\savch\.gradle\caches\modules-2\files-2.1\org.springframework.boot\spring-boot-starter-data-jpa\2.0.0.RELEASE\cc7bc2df046149870255d22367f8f7276eb82e98\spring-boot-starter-data-jpa-2.0.0.RELEASE.jar;C:\Users\savch\.gradle\caches\modules-2\files-2.1\org.modelmapper\modelmapper\0.3.5\7c8d140f712fb3357dd8b9d00a0f0396b5863c6f\modelmapper-0.3.5.jar;C:\Users\savch\.gradle\caches\modules-2\files-2.1\org.springframework.boot\spring-boot-starter-data-rest\2.0.0.RELEASE\ebf929e1d4ba783f3e32459fe8d29cb61ddbb92\spring-boot-starter-data-rest-2.0.0.R
Launcher Type: SUN_STANDARD

Environment Variables:
JAVA_HOME=C:\Program Files\Java\jdk1.8.0_131
PATH=C:\ProgramData\Oracle\Java\javapath;C:\WINDOWS\system32;C:\WINDOWS;C:\WINDOWS\System32\Wbem;C:\WINDOWS\System32\WindowsPowerShell\v1.0\;C:\Program Files\Git\cmd;C:\Program Files\Java\jdk1.8.0_131\bin;C:\Gradle\bin;C:\Program Files (x86)\Intel\OpenCL SDK\2.0\bin\x86;C:\Program Files (x86)\Intel\OpenCL SDK\2.0\bin\x64;C:\Program Files\nodejs\;C:\Program Files (x86)\Windows Kits\8.1\Windows Performance Toolkit\;C:\Users\savch\AppData\Local\Microsoft\WindowsApps;C:\Program Files (x86)\Microsoft VS Code\bin;C:\Users\savch\Downloads;C:\Users\savch\Downloads\curl-7.57.0-win64-mingw\bin;C:\Users\savch\AppData\Roaming\npm;
USERNAME=savch
OS=Windows_NT
PROCESSOR_IDENTIFIER=Intel64 Family 6 Model 42 Stepping 7, GenuineIntel



---------------  S Y S T E M  ---------------

OS: Windows 10.0 , 64 bit Build 16299 (10.0.16299.15)

CPU:total 4 (initial active 4) (2 cores per cpu, 2 threads per core) family 6 model 42 stepping 7, cmov, cx8, fxsr, mmx, sse, sse2, sse3, ssse3, sse4.1, sse4.2, popcnt, avx, clmul, ht, tsc, tscinvbit

Memory: 4k page, physical 8300072k(2552152k free), swap 11707944k(4839540k free)

vm_info: Java HotSpot(TM) 64-Bit Server VM (25.131-b11) for windows-amd64 JRE (1.8.0_131-b11), built on Mar 15 2017 01:23:53 by "java_re" with MS VC++ 10.0 (VS2010)

time: Fri Mar 30 11:31:18 2018
elapsed time: 5 seconds (0d 0h 0m 5s)

