2018-04-26 16:27:32.331  INFO 5708 --- [main] corse_work.demo.DemoApplication          : Starting DemoApplication on DESKTOP-4RSUNSA with PID 5708 (E:\ipz_kursova\ipz-server\out\production\classes started by savch in E:\ipz_kursova\ipz-server)
2018-04-26 16:27:32.347  INFO 5708 --- [main] corse_work.demo.DemoApplication          : No active profile set, falling back to default profiles: default
2018-04-26 16:27:32.468  INFO 5708 --- [main] ConfigServletWebServerApplicationContext : Refreshing org.springframework.boot.web.servlet.context.AnnotationConfigServletWebServerApplicationContext@6af93788: startup date [Thu Apr 26 16:27:32 EEST 2018]; root of context hierarchy
2018-04-26 16:27:34.520  INFO 5708 --- [main] o.s.b.f.s.DefaultListableBeanFactory     : Overriding bean definition for bean 'httpRequestHandlerAdapter' with a different definition: replacing [Root bean: class [null]; scope=; abstract=false; lazyInit=false; autowireMode=3; dependencyCheck=0; autowireCandidate=true; primary=false; factoryBeanName=org.springframework.web.servlet.config.annotation.DelegatingWebMvcConfiguration; factoryMethodName=httpRequestHandlerAdapter; initMethodName=null; destroyMethodName=(inferred); defined in class path resource [org/springframework/web/servlet/config/annotation/DelegatingWebMvcConfiguration.class]] with [Root bean: class [null]; scope=; abstract=false; lazyInit=false; autowireMode=3; dependencyCheck=0; autowireCandidate=true; primary=false; factoryBeanName=org.springframework.data.rest.webmvc.config.RepositoryRestMvcConfiguration; factoryMethodName=httpRequestHandlerAdapter; initMethodName=null; destroyMethodName=(inferred); defined in class path resource [org/springframework/data/rest/webmvc/config/RepositoryRestMvcConfiguration.class]]
2018-04-26 16:27:35.309  INFO 5708 --- [main] trationDelegate$BeanPostProcessorChecker : Bean 'org.springframework.transaction.annotation.ProxyTransactionManagementConfiguration' of type [org.springframework.transaction.annotation.ProxyTransactionManagementConfiguration$$EnhancerBySpringCGLIB$$16db4560] is not eligible for getting processed by all BeanPostProcessors (for example: not eligible for auto-proxying)
2018-04-26 16:27:35.839  INFO 5708 --- [main] o.s.b.w.embedded.tomcat.TomcatWebServer  : Tomcat initialized with port(s): 8080 (http)
2018-04-26 16:27:35.880  INFO 5708 --- [main] o.apache.catalina.core.StandardService   : Starting service [Tomcat]
2018-04-26 16:27:35.881  INFO 5708 --- [main] org.apache.catalina.core.StandardEngine  : Starting Servlet Engine: Apache Tomcat/8.5.28
2018-04-26 16:27:35.888  INFO 5708 --- [localhost-startStop-1] o.a.catalina.core.AprLifecycleListener   : The APR based Apache Tomcat Native library which allows optimal performance in production environments was not found on the java.library.path: [C:\Program Files\Java\jdk1.8.0_131\bin;C:\WINDOWS\Sun\Java\bin;C:\WINDOWS\system32;C:\WINDOWS;C:\ProgramData\Oracle\Java\javapath;C:\WINDOWS\system32;C:\WINDOWS;C:\WINDOWS\System32\Wbem;C:\WINDOWS\System32\WindowsPowerShell\v1.0\;C:\Program Files\Git\cmd;C:\Program Files\Java\jdk1.8.0_131\bin;C:\Gradle\bin;C:\Program Files (x86)\Intel\OpenCL SDK\2.0\bin\x86;C:\Program Files (x86)\Intel\OpenCL SDK\2.0\bin\x64;C:\Program Files\nodejs\;C:\Program Files (x86)\Windows Kits\8.1\Windows Performance Toolkit\;C:\Program Files\MATLAB\R2007b\bin;C:\Program Files\MATLAB\R2007b\bin\win64;C:\Python27;C:\Python27\Scripts;C:\Users\savch\AppData\Local\Microsoft\WindowsApps;C:\Program Files (x86)\Microsoft VS Code\bin;C:\Users\savch\Downloads;C:\Users\savch\Downloads\curl-7.57.0-win64-mingw\bin;C:\Users\savch\AppData\Roaming\npm;;C:\Users\savch\.babun;.]
2018-04-26 16:27:36.082  INFO 5708 --- [localhost-startStop-1] o.a.c.c.C.[Tomcat].[localhost].[/]       : Initializing Spring embedded WebApplicationContext
2018-04-26 16:27:36.082  INFO 5708 --- [localhost-startStop-1] o.s.web.context.ContextLoader            : Root WebApplicationContext: initialization completed in 3614 ms
2018-04-26 16:27:36.258  INFO 5708 --- [localhost-startStop-1] o.s.b.w.servlet.ServletRegistrationBean  : Servlet dispatcherServlet mapped to [/]
2018-04-26 16:27:36.265  INFO 5708 --- [localhost-startStop-1] o.s.b.w.servlet.FilterRegistrationBean   : Mapping filter: 'characterEncodingFilter' to: [/*]
2018-04-26 16:27:36.266  INFO 5708 --- [localhost-startStop-1] o.s.b.w.servlet.FilterRegistrationBean   : Mapping filter: 'CORS' to: [/*]
2018-04-26 16:27:36.579  INFO 5708 --- [main] com.zaxxer.hikari.HikariDataSource       : HikariPool-1 - Starting...
2018-04-26 16:27:36.882  INFO 5708 --- [main] com.zaxxer.hikari.HikariDataSource       : HikariPool-1 - Start completed.
2018-04-26 16:27:36.944  INFO 5708 --- [main] j.LocalContainerEntityManagerFactoryBean : Building JPA container EntityManagerFactory for persistence unit 'default'
2018-04-26 16:27:39.204  INFO 5708 --- [main] j.LocalContainerEntityManagerFactoryBean : Initialized JPA EntityManagerFactory for persistence unit 'default'
2018-04-26 16:27:40.744  WARN 5708 --- [main] aWebConfiguration$JpaWebMvcConfiguration : spring.jpa.open-in-view is enabled by default. Therefore, database queries may be performed during view rendering. Explicitly configure spring.jpa.open-in-view to disable this warning
2018-04-26 16:27:40.818  INFO 5708 --- [main] s.w.s.m.m.a.RequestMappingHandlerMapping : Mapped "{[/signin],methods=[POST]}" onto public org.springframework.http.ResponseEntity corse_work.demo.controllers.EnterController.userRegistration(corse_work.demo.controllers.DTO.EnterDTO,org.springframework.validation.BindingResult) throws corse_work.demo.controllers.Exceptions.AppException
2018-04-26 16:27:40.821  INFO 5708 --- [main] s.w.s.m.m.a.RequestMappingHandlerMapping : Mapped "{[/exam/teacher/{teacherId}/getAll],methods=[GET]}" onto public org.springframework.http.ResponseEntity corse_work.demo.controllers.ExamController.getExamsByTeacherId(java.lang.Long) throws corse_work.demo.controllers.Exceptions.AppException
2018-04-26 16:27:40.822  INFO 5708 --- [main] s.w.s.m.m.a.RequestMappingHandlerMapping : Mapped "{[/exam/student/{studentId}/getAll],methods=[GET]}" onto public org.springframework.http.ResponseEntity corse_work.demo.controllers.ExamController.getExamsByStudentId(java.lang.Long) throws corse_work.demo.controllers.Exceptions.AppException
2018-04-26 16:27:40.823  INFO 5708 --- [main] s.w.s.m.m.a.RequestMappingHandlerMapping : Mapped "{[/exam/getAll],methods=[GET]}" onto public org.springframework.http.ResponseEntity corse_work.demo.controllers.ExamController.getAllExams()
2018-04-26 16:27:40.823  INFO 5708 --- [main] s.w.s.m.m.a.RequestMappingHandlerMapping : Mapped "{[/exam/teacher/{teacherId}/edit],methods=[PUT]}" onto public org.springframework.http.ResponseEntity corse_work.demo.controllers.ExamController.editExam(java.lang.Long,corse_work.demo.controllers.DTO.ExamDTO) throws corse_work.demo.controllers.Exceptions.AppException,java.text.ParseException
2018-04-26 16:27:40.824  INFO 5708 --- [main] s.w.s.m.m.a.RequestMappingHandlerMapping : Mapped "{[/exam/add],methods=[POST]}" onto public org.springframework.http.ResponseEntity corse_work.demo.controllers.ExamController.addExam(corse_work.demo.controllers.DTO.ExamDTO,org.springframework.validation.BindingResult) throws corse_work.demo.controllers.Exceptions.AppException,java.text.ParseException
2018-04-26 16:27:40.825  INFO 5708 --- [main] s.w.s.m.m.a.RequestMappingHandlerMapping : Mapped "{[/reg/{user}/registration],methods=[POST]}" onto public org.springframework.http.ResponseEntity corse_work.demo.controllers.RegistrationController.userRegistration(corse_work.demo.controllers.DTO.RegUserDTO,org.springframework.validation.BindingResult,java.lang.String) throws corse_work.demo.controllers.Exceptions.AppException
2018-04-26 16:27:40.827  INFO 5708 --- [main] s.w.s.m.m.a.RequestMappingHandlerMapping : Mapped "{[/secretary/{secretaryId}],methods=[GET]}" onto public corse_work.demo.controllers.DTO.SecretaryDTO corse_work.demo.controllers.SecretaryController.getStudent(java.lang.Long) throws corse_work.demo.controllers.Exceptions.AppException
2018-04-26 16:27:40.828  INFO 5708 --- [main] s.w.s.m.m.a.RequestMappingHandlerMapping : Mapped "{[/student/edit],methods=[PUT]}" onto public org.springframework.http.ResponseEntity corse_work.demo.controllers.StudentController.editStudent(corse_work.demo.controllers.DTO.EditStudentDTO,org.springframework.validation.BindingResult) throws corse_work.demo.controllers.Exceptions.AppException
2018-04-26 16:27:40.829  INFO 5708 --- [main] s.w.s.m.m.a.RequestMappingHandlerMapping : Mapped "{[/student/{studentId}],methods=[GET]}" onto public corse_work.demo.controllers.DTO.StudentDTO corse_work.demo.controllers.StudentController.getStudent(java.lang.Long) throws corse_work.demo.controllers.Exceptions.AppException
2018-04-26 16:27:40.829  INFO 5708 --- [main] s.w.s.m.m.a.RequestMappingHandlerMapping : Mapped "{[/student/getAll],methods=[GET]}" onto public org.springframework.http.ResponseEntity corse_work.demo.controllers.StudentController.getAllStudent()
2018-04-26 16:27:40.831  INFO 5708 --- [main] s.w.s.m.m.a.RequestMappingHandlerMapping : Mapped "{[/subject/teacher/{teacherId}/getAll],methods=[GET]}" onto public org.springframework.http.ResponseEntity corse_work.demo.controllers.SubjectController.getSubjectsByTeacherId(java.lang.Long) throws corse_work.demo.controllers.Exceptions.AppException
2018-04-26 16:27:40.832  INFO 5708 --- [main] s.w.s.m.m.a.RequestMappingHandlerMapping : Mapped "{[/subject/secretary/{secretaryId}/add],methods=[POST]}" onto public org.springframework.http.ResponseEntity corse_work.demo.controllers.SubjectController.addSubject(java.lang.Long,corse_work.demo.controllers.DTO.SubjectDTO,org.springframework.validation.BindingResult) throws corse_work.demo.controllers.Exceptions.AppException
2018-04-26 16:27:40.832  INFO 5708 --- [main] s.w.s.m.m.a.RequestMappingHandlerMapping : Mapped "{[/subject/getAll],methods=[GET]}" onto public org.springframework.http.ResponseEntity corse_work.demo.controllers.SubjectController.addSubject() throws corse_work.demo.controllers.Exceptions.AppException
2018-04-26 16:27:40.837  INFO 5708 --- [main] s.w.s.m.m.a.RequestMappingHandlerMapping : Mapped "{[/teacher/{teacherId}/subject/get/{id}],methods=[GET]}" onto public org.springframework.http.ResponseEntity corse_work.demo.controllers.TeacherController.getSubject(java.lang.Long,java.lang.Long) throws corse_work.demo.controllers.Exceptions.AppException
2018-04-26 16:27:40.838  INFO 5708 --- [main] s.w.s.m.m.a.RequestMappingHandlerMapping : Mapped "{[/teacher/{teacherId}],methods=[GET]}" onto public corse_work.demo.controllers.DTO.TeacherDTO corse_work.demo.controllers.TeacherController.getTeacher(java.lang.Long)
2018-04-26 16:27:40.838  INFO 5708 --- [main] s.w.s.m.m.a.RequestMappingHandlerMapping : Mapped "{[/teacher/getAll],methods=[GET]}" onto public org.springframework.http.ResponseEntity corse_work.demo.controllers.TeacherController.getAllTeacher()
2018-04-26 16:27:40.839  INFO 5708 --- [main] s.w.s.m.m.a.RequestMappingHandlerMapping : Mapped "{[/team/secretary/{secretaryId}/add],methods=[POST]}" onto public org.springframework.http.ResponseEntity corse_work.demo.controllers.TeamController.addSubject(java.lang.Long,corse_work.demo.controllers.DTO.TeamDTO,org.springframework.validation.BindingResult) throws corse_work.demo.controllers.Exceptions.AppException
2018-04-26 16:27:40.840  INFO 5708 --- [main] s.w.s.m.m.a.RequestMappingHandlerMapping : Mapped "{[/team/getAll],methods=[GET]}" onto public org.springframework.http.ResponseEntity corse_work.demo.controllers.TeamController.addSubject() throws corse_work.demo.controllers.Exceptions.AppException
2018-04-26 16:27:40.847  INFO 5708 --- [main] s.w.s.m.m.a.RequestMappingHandlerMapping : Mapped "{[/error]}" onto public org.springframework.http.ResponseEntity<java.util.Map<java.lang.String, java.lang.Object>> org.springframework.boot.autoconfigure.web.servlet.error.BasicErrorController.error(javax.servlet.http.HttpServletRequest)
2018-04-26 16:27:40.848  INFO 5708 --- [main] s.w.s.m.m.a.RequestMappingHandlerMapping : Mapped "{[/error],produces=[text/html]}" onto public org.springframework.web.servlet.ModelAndView org.springframework.boot.autoconfigure.web.servlet.error.BasicErrorController.errorHtml(javax.servlet.http.HttpServletRequest,javax.servlet.http.HttpServletResponse)
2018-04-26 16:27:41.050  INFO 5708 --- [main] s.w.s.m.m.a.RequestMappingHandlerAdapter : Looking for @ControllerAdvice: org.springframework.boot.web.servlet.context.AnnotationConfigServletWebServerApplicationContext@6af93788: startup date [Thu Apr 26 16:27:32 EEST 2018]; root of context hierarchy
2018-04-26 16:27:41.125  INFO 5708 --- [main] .m.m.a.ExceptionHandlerExceptionResolver : Detected @ExceptionHandler methods in exceptionControllerAdvice
2018-04-26 16:27:41.126  INFO 5708 --- [main] .m.m.a.ExceptionHandlerExceptionResolver : Detected @ExceptionHandler methods in repositoryRestExceptionHandler
2018-04-26 16:27:41.651  INFO 5708 --- [main] o.s.d.r.w.RepositoryRestHandlerAdapter   : Looking for @ControllerAdvice: org.springframework.boot.web.servlet.context.AnnotationConfigServletWebServerApplicationContext@6af93788: startup date [Thu Apr 26 16:27:32 EEST 2018]; root of context hierarchy
2018-04-26 16:27:41.681  INFO 5708 --- [main] o.s.d.r.w.RepositoryRestHandlerMapping   : Mapped "{[/{repository}],methods=[HEAD],produces=[application/hal+json || application/json]}" onto public org.springframework.http.ResponseEntity<?> org.springframework.data.rest.webmvc.RepositoryEntityController.headCollectionResource(org.springframework.data.rest.webmvc.RootResourceInformation,org.springframework.data.rest.webmvc.support.DefaultedPageable) throws org.springframework.web.HttpRequestMethodNotSupportedException
2018-04-26 16:27:41.682  INFO 5708 --- [main] o.s.d.r.w.RepositoryRestHandlerMapping   : Mapped "{[/{repository}],methods=[POST],produces=[application/hal+json || application/json]}" onto public org.springframework.http.ResponseEntity<org.springframework.hateoas.ResourceSupport> org.springframework.data.rest.webmvc.RepositoryEntityController.postCollectionResource(org.springframework.data.rest.webmvc.RootResourceInformation,org.springframework.data.rest.webmvc.PersistentEntityResource,org.springframework.data.rest.webmvc.PersistentEntityResourceAssembler,java.lang.String) throws org.springframework.web.HttpRequestMethodNotSupportedException
2018-04-26 16:27:41.683  INFO 5708 --- [main] o.s.d.r.w.RepositoryRestHandlerMapping   : Mapped "{[/{repository}],methods=[OPTIONS],produces=[application/hal+json || application/json]}" onto public org.springframework.http.ResponseEntity<?> org.springframework.data.rest.webmvc.RepositoryEntityController.optionsForCollectionResource(org.springframework.data.rest.webmvc.RootResourceInformation)
2018-04-26 16:27:41.684  INFO 5708 --- [main] o.s.d.r.w.RepositoryRestHandlerMapping   : Mapped "{[/{repository}],methods=[GET],produces=[application/hal+json || application/json]}" onto public org.springframework.hateoas.Resources<?> org.springframework.data.rest.webmvc.RepositoryEntityController.getCollectionResource(org.springframework.data.rest.webmvc.RootResourceInformation,org.springframework.data.rest.webmvc.support.DefaultedPageable,org.springframework.data.domain.Sort,org.springframework.data.rest.webmvc.PersistentEntityResourceAssembler) throws org.springframework.data.rest.webmvc.ResourceNotFoundException,org.springframework.web.HttpRequestMethodNotSupportedException
2018-04-26 16:27:41.685  INFO 5708 --- [main] o.s.d.r.w.RepositoryRestHandlerMapping   : Mapped "{[/{repository}/{id}],methods=[DELETE],produces=[application/hal+json || application/json]}" onto public org.springframework.http.ResponseEntity<?> org.springframework.data.rest.webmvc.RepositoryEntityController.deleteItemResource(org.springframework.data.rest.webmvc.RootResourceInformation,java.io.Serializable,org.springframework.data.rest.webmvc.support.ETag) throws org.springframework.data.rest.webmvc.ResourceNotFoundException,org.springframework.web.HttpRequestMethodNotSupportedException
2018-04-26 16:27:41.686  INFO 5708 --- [main] o.s.d.r.w.RepositoryRestHandlerMapping   : Mapped "{[/{repository}/{id}],methods=[PATCH],produces=[application/hal+json || application/json]}" onto public org.springframework.http.ResponseEntity<org.springframework.hateoas.ResourceSupport> org.springframework.data.rest.webmvc.RepositoryEntityController.patchItemResource(org.springframework.data.rest.webmvc.RootResourceInformation,org.springframework.data.rest.webmvc.PersistentEntityResource,java.io.Serializable,org.springframework.data.rest.webmvc.PersistentEntityResourceAssembler,org.springframework.data.rest.webmvc.support.ETag,java.lang.String) throws org.springframework.web.HttpRequestMethodNotSupportedException,org.springframework.data.rest.webmvc.ResourceNotFoundException
2018-04-26 16:27:41.687  INFO 5708 --- [main] o.s.d.r.w.RepositoryRestHandlerMapping   : Mapped "{[/{repository}/{id}],methods=[OPTIONS],produces=[application/hal+json || application/json]}" onto public org.springframework.http.ResponseEntity<?> org.springframework.data.rest.webmvc.RepositoryEntityController.optionsForItemResource(org.springframework.data.rest.webmvc.RootResourceInformation)
2018-04-26 16:27:41.690  INFO 5708 --- [main] o.s.d.r.w.RepositoryRestHandlerMapping   : Mapped "{[/{repository}],methods=[GET],produces=[application/x-spring-data-compact+json || text/uri-list]}" onto public org.springframework.hateoas.Resources<?> org.springframework.data.rest.webmvc.RepositoryEntityController.getCollectionResourceCompact(org.springframework.data.rest.webmvc.RootResourceInformation,org.springframework.data.rest.webmvc.support.DefaultedPageable,org.springframework.data.domain.Sort,org.springframework.data.rest.webmvc.PersistentEntityResourceAssembler) throws org.springframework.data.rest.webmvc.ResourceNotFoundException,org.springframework.web.HttpRequestMethodNotSupportedException
2018-04-26 16:27:41.691  INFO 5708 --- [main] o.s.d.r.w.RepositoryRestHandlerMapping   : Mapped "{[/{repository}/{id}],methods=[HEAD],produces=[application/hal+json || application/json]}" onto public org.springframework.http.ResponseEntity<?> org.springframework.data.rest.webmvc.RepositoryEntityController.headForItemResource(org.springframework.data.rest.webmvc.RootResourceInformation,java.io.Serializable,org.springframework.data.rest.webmvc.PersistentEntityResourceAssembler) throws org.springframework.web.HttpRequestMethodNotSupportedException
2018-04-26 16:27:41.692  INFO 5708 --- [main] o.s.d.r.w.RepositoryRestHandlerMapping   : Mapped "{[/{repository}/{id}],methods=[PUT],produces=[application/hal+json || application/json]}" onto public org.springframework.http.ResponseEntity<? extends org.springframework.hateoas.ResourceSupport> org.springframework.data.rest.webmvc.RepositoryEntityController.putItemResource(org.springframework.data.rest.webmvc.RootResourceInformation,org.springframework.data.rest.webmvc.PersistentEntityResource,java.io.Serializable,org.springframework.data.rest.webmvc.PersistentEntityResourceAssembler,org.springframework.data.rest.webmvc.support.ETag,java.lang.String) throws org.springframework.web.HttpRequestMethodNotSupportedException
2018-04-26 16:27:41.693  INFO 5708 --- [main] o.s.d.r.w.RepositoryRestHandlerMapping   : Mapped "{[/{repository}/{id}],methods=[GET],produces=[application/hal+json || application/json]}" onto public org.springframework.http.ResponseEntity<org.springframework.hateoas.Resource<?>> org.springframework.data.rest.webmvc.RepositoryEntityController.getItemResource(org.springframework.data.rest.webmvc.RootResourceInformation,java.io.Serializable,org.springframework.data.rest.webmvc.PersistentEntityResourceAssembler,org.springframework.http.HttpHeaders) throws org.springframework.web.HttpRequestMethodNotSupportedException
2018-04-26 16:27:41.697  INFO 5708 --- [main] o.s.d.r.w.RepositoryRestHandlerMapping   : Mapped "{[/ || ],methods=[OPTIONS],produces=[application/hal+json || application/json]}" onto public org.springframework.http.HttpEntity<?> org.springframework.data.rest.webmvc.RepositoryController.optionsForRepositories()
2018-04-26 16:27:41.698  INFO 5708 --- [main] o.s.d.r.w.RepositoryRestHandlerMapping   : Mapped "{[/ || ],methods=[HEAD],produces=[application/hal+json || application/json]}" onto public org.springframework.http.ResponseEntity<?> org.springframework.data.rest.webmvc.RepositoryController.headForRepositories()
2018-04-26 16:27:41.700  INFO 5708 --- [main] o.s.d.r.w.RepositoryRestHandlerMapping   : Mapped "{[/ || ],methods=[GET],produces=[application/hal+json || application/json]}" onto public org.springframework.http.HttpEntity<org.springframework.data.rest.webmvc.RepositoryLinksResource> org.springframework.data.rest.webmvc.RepositoryController.listRepositories()
2018-04-26 16:27:41.705  INFO 5708 --- [main] o.s.d.r.w.RepositoryRestHandlerMapping   : Mapped "{[/{repository}/{id}/{property}],methods=[GET],produces=[application/hal+json || application/json]}" onto public org.springframework.http.ResponseEntity<org.springframework.hateoas.ResourceSupport> org.springframework.data.rest.webmvc.RepositoryPropertyReferenceController.followPropertyReference(org.springframework.data.rest.webmvc.RootResourceInformation,java.io.Serializable,java.lang.String,org.springframework.data.rest.webmvc.PersistentEntityResourceAssembler) throws java.lang.Exception
2018-04-26 16:27:41.707  INFO 5708 --- [main] o.s.d.r.w.RepositoryRestHandlerMapping   : Mapped "{[/{repository}/{id}/{property}/{propertyId}],methods=[GET],produces=[application/hal+json || application/json]}" onto public org.springframework.http.ResponseEntity<org.springframework.hateoas.ResourceSupport> org.springframework.data.rest.webmvc.RepositoryPropertyReferenceController.followPropertyReference(org.springframework.data.rest.webmvc.RootResourceInformation,java.io.Serializable,java.lang.String,java.lang.String,org.springframework.data.rest.webmvc.PersistentEntityResourceAssembler) throws java.lang.Exception
2018-04-26 16:27:41.708  INFO 5708 --- [main] o.s.d.r.w.RepositoryRestHandlerMapping   : Mapped "{[/{repository}/{id}/{property}],methods=[GET],produces=[application/x-spring-data-compact+json || text/uri-list]}" onto public org.springframework.http.ResponseEntity<org.springframework.hateoas.ResourceSupport> org.springframework.data.rest.webmvc.RepositoryPropertyReferenceController.followPropertyReferenceCompact(org.springframework.data.rest.webmvc.RootResourceInformation,java.io.Serializable,java.lang.String,org.springframework.data.rest.webmvc.PersistentEntityResourceAssembler) throws java.lang.Exception
2018-04-26 16:27:41.708  INFO 5708 --- [main] o.s.d.r.w.RepositoryRestHandlerMapping   : Mapped "{[/{repository}/{id}/{property}],methods=[DELETE],produces=[application/hal+json || application/json]}" onto public org.springframework.http.ResponseEntity<? extends org.springframework.hateoas.ResourceSupport> org.springframework.data.rest.webmvc.RepositoryPropertyReferenceController.deletePropertyReference(org.springframework.data.rest.webmvc.RootResourceInformation,java.io.Serializable,java.lang.String) throws java.lang.Exception
2018-04-26 16:27:41.709  INFO 5708 --- [main] o.s.d.r.w.RepositoryRestHandlerMapping   : Mapped "{[/{repository}/{id}/{property}],methods=[PATCH || PUT || POST],consumes=[application/json || application/x-spring-data-compact+json || text/uri-list],produces=[application/hal+json || application/json]}" onto public org.springframework.http.ResponseEntity<? extends org.springframework.hateoas.ResourceSupport> org.springframework.data.rest.webmvc.RepositoryPropertyReferenceController.createPropertyReference(org.springframework.data.rest.webmvc.RootResourceInformation,org.springframework.http.HttpMethod,org.springframework.hateoas.Resources<java.lang.Object>,java.io.Serializable,java.lang.String) throws java.lang.Exception
2018-04-26 16:27:41.710  INFO 5708 --- [main] o.s.d.r.w.RepositoryRestHandlerMapping   : Mapped "{[/{repository}/{id}/{property}/{propertyId}],methods=[DELETE],produces=[application/hal+json || application/json]}" onto public org.springframework.http.ResponseEntity<org.springframework.hateoas.ResourceSupport> org.springframework.data.rest.webmvc.RepositoryPropertyReferenceController.deletePropertyReferenceId(org.springframework.data.rest.webmvc.RootResourceInformation,java.io.Serializable,java.lang.String,java.lang.String) throws java.lang.Exception
2018-04-26 16:27:41.716  INFO 5708 --- [main] o.s.d.r.w.RepositoryRestHandlerMapping   : Mapped "{[/{repository}/search/{search}],methods=[GET],produces=[application/x-spring-data-compact+json]}" onto public org.springframework.hateoas.ResourceSupport org.springframework.data.rest.webmvc.RepositorySearchController.executeSearchCompact(org.springframework.data.rest.webmvc.RootResourceInformation,org.springframework.http.HttpHeaders,org.springframework.util.MultiValueMap<java.lang.String, java.lang.Object>,java.lang.String,java.lang.String,org.springframework.data.rest.webmvc.support.DefaultedPageable,org.springframework.data.domain.Sort,org.springframework.data.rest.webmvc.PersistentEntityResourceAssembler)
2018-04-26 16:27:41.717  INFO 5708 --- [main] o.s.d.r.w.RepositoryRestHandlerMapping   : Mapped "{[/{repository}/search],methods=[OPTIONS],produces=[application/hal+json || application/json]}" onto public org.springframework.http.HttpEntity<?> org.springframework.data.rest.webmvc.RepositorySearchController.optionsForSearches(org.springframework.data.rest.webmvc.RootResourceInformation)
2018-04-26 16:27:41.718  INFO 5708 --- [main] o.s.d.r.w.RepositoryRestHandlerMapping   : Mapped "{[/{repository}/search/{search}],methods=[OPTIONS],produces=[application/hal+json || application/json]}" onto public org.springframework.http.ResponseEntity<java.lang.Object> org.springframework.data.rest.webmvc.RepositorySearchController.optionsForSearch(org.springframework.data.rest.webmvc.RootResourceInformation,java.lang.String)
2018-04-26 16:27:41.719  INFO 5708 --- [main] o.s.d.r.w.RepositoryRestHandlerMapping   : Mapped "{[/{repository}/search/{search}],methods=[HEAD],produces=[application/hal+json || application/json]}" onto public org.springframework.http.ResponseEntity<java.lang.Object> org.springframework.data.rest.webmvc.RepositorySearchController.headForSearch(org.springframework.data.rest.webmvc.RootResourceInformation,java.lang.String)
2018-04-26 16:27:41.720  INFO 5708 --- [main] o.s.d.r.w.RepositoryRestHandlerMapping   : Mapped "{[/{repository}/search/{search}],methods=[GET],produces=[application/hal+json || application/json]}" onto public org.springframework.http.ResponseEntity<?> org.springframework.data.rest.webmvc.RepositorySearchController.executeSearch(org.springframework.data.rest.webmvc.RootResourceInformation,org.springframework.util.MultiValueMap<java.lang.String, java.lang.Object>,java.lang.String,org.springframework.data.rest.webmvc.support.DefaultedPageable,org.springframework.data.domain.Sort,org.springframework.data.rest.webmvc.PersistentEntityResourceAssembler,org.springframework.http.HttpHeaders)
2018-04-26 16:27:41.722  INFO 5708 --- [main] o.s.d.r.w.RepositoryRestHandlerMapping   : Mapped "{[/{repository}/search],methods=[HEAD],produces=[application/hal+json || application/json]}" onto public org.springframework.http.HttpEntity<?> org.springframework.data.rest.webmvc.RepositorySearchController.headForSearches(org.springframework.data.rest.webmvc.RootResourceInformation)
2018-04-26 16:27:41.723  INFO 5708 --- [main] o.s.d.r.w.RepositoryRestHandlerMapping   : Mapped "{[/{repository}/search],methods=[GET],produces=[application/hal+json || application/json]}" onto public org.springframework.data.rest.webmvc.RepositorySearchesResource org.springframework.data.rest.webmvc.RepositorySearchController.listSearches(org.springframework.data.rest.webmvc.RootResourceInformation)
2018-04-26 16:27:41.732  INFO 5708 --- [main] o.s.d.r.w.BasePathAwareHandlerMapping    : Mapped "{[/profile/{repository}],methods=[GET],produces=[application/schema+json]}" onto public org.springframework.http.HttpEntity<org.springframework.data.rest.webmvc.json.JsonSchema> org.springframework.data.rest.webmvc.RepositorySchemaController.schema(org.springframework.data.rest.webmvc.RootResourceInformation)
2018-04-26 16:27:41.733  INFO 5708 --- [main] o.s.d.r.w.BasePathAwareHandlerMapping    : Mapped "{[/profile],methods=[GET]}" onto org.springframework.http.HttpEntity<org.springframework.hateoas.ResourceSupport> org.springframework.data.rest.webmvc.ProfileController.listAllFormsOfMetadata()
2018-04-26 16:27:41.734  INFO 5708 --- [main] o.s.d.r.w.BasePathAwareHandlerMapping    : Mapped "{[/profile],methods=[OPTIONS]}" onto public org.springframework.http.HttpEntity<?> org.springframework.data.rest.webmvc.ProfileController.profileOptions()
2018-04-26 16:27:41.735  INFO 5708 --- [main] o.s.d.r.w.BasePathAwareHandlerMapping    : Mapped "{[/profile/{repository}],methods=[GET],produces=[application/alps+json || */*]}" onto org.springframework.http.HttpEntity<org.springframework.data.rest.webmvc.RootResourceInformation> org.springframework.data.rest.webmvc.alps.AlpsController.descriptor(org.springframework.data.rest.webmvc.RootResourceInformation)
2018-04-26 16:27:41.736  INFO 5708 --- [main] o.s.d.r.w.BasePathAwareHandlerMapping    : Mapped "{[/profile/{repository}],methods=[OPTIONS],produces=[application/alps+json]}" onto org.springframework.http.HttpEntity<?> org.springframework.data.rest.webmvc.alps.AlpsController.alpsOptions()
2018-04-26 16:27:42.016  INFO 5708 --- [main] o.s.j.e.a.AnnotationMBeanExporter        : Registering beans for JMX exposure on startup
2018-04-26 16:27:42.018  INFO 5708 --- [main] o.s.j.e.a.AnnotationMBeanExporter        : Bean with name 'dataSource' has been autodetected for JMX exposure
2018-04-26 16:27:42.035  INFO 5708 --- [main] o.s.j.e.a.AnnotationMBeanExporter        : Located MBean 'dataSource': registering with JMX server as MBean [com.zaxxer.hikari:name=dataSource,type=HikariDataSource]
2018-04-26 16:27:42.106  INFO 5708 --- [main] o.s.b.w.embedded.tomcat.TomcatWebServer  : Tomcat started on port(s): 8080 (http) with context path ''
2018-04-26 16:27:42.112  INFO 5708 --- [main] corse_work.demo.DemoApplication          : Started DemoApplication in 11.122 seconds (JVM running for 13.068)
2018-04-26 16:46:05.063  INFO 5708 --- [http-nio-8080-exec-1] o.a.c.c.C.[Tomcat].[localhost].[/]       : Initializing Spring FrameworkServlet 'dispatcherServlet'
2018-04-26 16:46:05.064  INFO 5708 --- [http-nio-8080-exec-1] o.s.web.servlet.DispatcherServlet        : FrameworkServlet 'dispatcherServlet': initialization started
2018-04-26 16:46:05.098  INFO 5708 --- [http-nio-8080-exec-1] o.s.web.servlet.DispatcherServlet        : FrameworkServlet 'dispatcherServlet': initialization completed in 34 ms
2018-04-26 16:46:05.105  INFO 5708 --- [http-nio-8080-exec-1] corse_work.demo.CORS                     : ----CORS filter----
2018-04-26 16:46:05.135  WARN 5708 --- [http-nio-8080-exec-1] o.s.web.servlet.PageNotFound             : No mapping found for HTTP request with URI [/chef/null/checkConnect] in DispatcherServlet with name 'dispatcherServlet'
2018-04-26 16:51:04.777  INFO 5708 --- [http-nio-8080-exec-5] corse_work.demo.CORS                     : ----CORS filter----
2018-04-26 16:51:04.780  INFO 5708 --- [http-nio-8080-exec-4] corse_work.demo.CORS                     : ----CORS filter----
2018-04-26 16:51:04.785  INFO 5708 --- [http-nio-8080-exec-4] c.demo.controllers.SubjectController     : Get all subject ...
2018-04-26 16:51:04.788  INFO 5708 --- [http-nio-8080-exec-3] corse_work.demo.CORS                     : ----CORS filter----
2018-04-26 16:51:04.790  INFO 5708 --- [http-nio-8080-exec-3] c.demo.controllers.TeacherController     : getAll Teachers
2018-04-26 16:51:04.802  INFO 5708 --- [http-nio-8080-exec-5] c.demo.controllers.SecretaryController   : get Secretary
2018-04-26 16:51:04.802  INFO 5708 --- [http-nio-8080-exec-6] corse_work.demo.CORS                     : ----CORS filter----
2018-04-26 16:51:04.805  INFO 5708 --- [http-nio-8080-exec-6] c.demo.controllers.TeamController        : Get all team ...
2018-04-26 16:51:04.814  INFO 5708 --- [http-nio-8080-exec-7] corse_work.demo.CORS                     : ----CORS filter----
2018-04-26 16:51:04.816  INFO 5708 --- [http-nio-8080-exec-7] c.demo.controllers.StudentController     : getAll Students
2018-04-26 16:51:04.827  INFO 5708 --- [http-nio-8080-exec-8] corse_work.demo.CORS                     : ----CORS filter----
2018-04-26 16:51:04.840  WARN 5708 --- [http-nio-8080-exec-6] com.zaxxer.hikari.pool.PoolBase          : HikariPool-1 - Failed to validate connection com.mysql.jdbc.JDBC4Connection@c4492f6 (No operations allowed after connection closed.)
2018-04-26 16:51:04.840  WARN 5708 --- [http-nio-8080-exec-7] com.zaxxer.hikari.pool.PoolBase          : HikariPool-1 - Failed to validate connection com.mysql.jdbc.JDBC4Connection@71e0dd1f (No operations allowed after connection closed.)
2018-04-26 16:51:04.840  WARN 5708 --- [http-nio-8080-exec-4] com.zaxxer.hikari.pool.PoolBase          : HikariPool-1 - Failed to validate connection com.mysql.jdbc.JDBC4Connection@52d3cb8c (No operations allowed after connection closed.)
2018-04-26 16:51:04.842  WARN 5708 --- [http-nio-8080-exec-3] com.zaxxer.hikari.pool.PoolBase          : HikariPool-1 - Failed to validate connection com.mysql.jdbc.JDBC4Connection@5851b91c (No operations allowed after connection closed.)
2018-04-26 16:51:04.842  WARN 5708 --- [http-nio-8080-exec-8] com.zaxxer.hikari.pool.PoolBase          : HikariPool-1 - Failed to validate connection com.mysql.jdbc.JDBC4Connection@76342b15 (No operations allowed after connection closed.)
2018-04-26 16:51:04.842  WARN 5708 --- [http-nio-8080-exec-5] com.zaxxer.hikari.pool.PoolBase          : HikariPool-1 - Failed to validate connection com.mysql.jdbc.JDBC4Connection@3ec37230 (No operations allowed after connection closed.)
2018-04-26 16:51:04.845  WARN 5708 --- [http-nio-8080-exec-7] com.zaxxer.hikari.pool.PoolBase          : HikariPool-1 - Failed to validate connection com.mysql.jdbc.JDBC4Connection@30ddd724 (No operations allowed after connection closed.)
2018-04-26 16:51:04.845  WARN 5708 --- [http-nio-8080-exec-3] com.zaxxer.hikari.pool.PoolBase          : HikariPool-1 - Failed to validate connection com.mysql.jdbc.JDBC4Connection@49328cb (No operations allowed after connection closed.)
2018-04-26 16:51:04.846  WARN 5708 --- [http-nio-8080-exec-6] com.zaxxer.hikari.pool.PoolBase          : HikariPool-1 - Failed to validate connection com.mysql.jdbc.JDBC4Connection@2d270333 (No operations allowed after connection closed.)
2018-04-26 16:51:04.847  WARN 5708 --- [http-nio-8080-exec-4] com.zaxxer.hikari.pool.PoolBase          : HikariPool-1 - Failed to validate connection com.mysql.jdbc.JDBC4Connection@4a47a233 (No operations allowed after connection closed.)
2018-04-26 17:20:56.842  INFO 5708 --- [http-nio-8080-exec-6] corse_work.demo.CORS                     : ----CORS filter----
2018-04-26 17:20:56.847  INFO 5708 --- [http-nio-8080-exec-6] c.demo.controllers.TeacherController     : get Teacher by ID
2018-04-26 17:20:56.849  WARN 5708 --- [http-nio-8080-exec-6] com.zaxxer.hikari.pool.PoolBase          : HikariPool-1 - Failed to validate connection com.mysql.jdbc.JDBC4Connection@133624e6 (No operations allowed after connection closed.)
2018-04-26 17:20:56.852  WARN 5708 --- [http-nio-8080-exec-6] com.zaxxer.hikari.pool.PoolBase          : HikariPool-1 - Failed to validate connection com.mysql.jdbc.JDBC4Connection@40172bad (No operations allowed after connection closed.)
2018-04-26 17:20:56.856  INFO 5708 --- [http-nio-8080-exec-7] corse_work.demo.CORS                     : ----CORS filter----
2018-04-26 17:20:56.861  INFO 5708 --- [http-nio-8080-exec-7] c.demo.controllers.ExamController        : Get all exams by TeacherId...
2018-04-26 17:20:56.866  INFO 5708 --- [http-nio-8080-exec-6] c.d.c.E.ExceptionControllerAdvice        : ExceptionHandler=> No value present
2018-04-26 17:20:56.877  INFO 5708 --- [http-nio-8080-exec-7] c.demo.controllers.ExamController        : ERROR: Teacher with id 11not found
2018-04-26 17:21:01.075  INFO 5708 --- [http-nio-8080-exec-4] corse_work.demo.CORS                     : ----CORS filter----
2018-04-26 17:21:01.079  INFO 5708 --- [http-nio-8080-exec-4] c.demo.controllers.TeacherController     : get Teacher by ID
2018-04-26 17:21:01.080  INFO 5708 --- [http-nio-8080-exec-8] corse_work.demo.CORS                     : ----CORS filter----
2018-04-26 17:21:01.083  INFO 5708 --- [http-nio-8080-exec-8] c.demo.controllers.ExamController        : Get all exams by TeacherId...
2018-04-26 17:40:49.063  INFO 5708 --- [http-nio-8080-exec-4] corse_work.demo.CORS                     : ----CORS filter----
2018-04-26 17:40:49.063  INFO 5708 --- [http-nio-8080-exec-8] corse_work.demo.CORS                     : ----CORS filter----
2018-04-26 17:40:49.072  WARN 5708 --- [http-nio-8080-exec-8] o.s.web.servlet.PageNotFound             : No mapping found for HTTP request with URI [/chef/1/address] in DispatcherServlet with name 'dispatcherServlet'
2018-04-26 17:40:49.072  WARN 5708 --- [http-nio-8080-exec-4] o.s.web.servlet.PageNotFound             : No mapping found for HTTP request with URI [/chef/1] in DispatcherServlet with name 'dispatcherServlet'
2018-04-26 17:40:53.498  INFO 5708 --- [http-nio-8080-exec-5] corse_work.demo.CORS                     : ----CORS filter----
2018-04-26 17:40:53.505  WARN 5708 --- [http-nio-8080-exec-5] o.s.web.servlet.PageNotFound             : No mapping found for HTTP request with URI [/chef/1/offer/getAll] in DispatcherServlet with name 'dispatcherServlet'
2018-04-26 17:45:49.344  INFO 5708 --- [http-nio-8080-exec-9] corse_work.demo.CORS                     : ----CORS filter----
2018-04-26 17:45:49.365  WARN 5708 --- [http-nio-8080-exec-9] o.s.web.servlet.PageNotFound             : No mapping found for HTTP request with URI [/customer/1] in DispatcherServlet with name 'dispatcherServlet'
2018-04-26 17:45:52.243  INFO 5708 --- [http-nio-8080-exec-1] corse_work.demo.CORS                     : ----CORS filter----
2018-04-26 17:45:52.247  WARN 5708 --- [http-nio-8080-exec-1] o.s.web.servlet.PageNotFound             : No mapping found for HTTP request with URI [/customer/1/setPushId/9e7d7765-97b8-4548-9616-8df5a4b8f920] in DispatcherServlet with name 'dispatcherServlet'
2018-04-26 18:04:20.268  INFO 5708 --- [http-nio-8080-exec-6] corse_work.demo.CORS                     : ----CORS filter----
2018-04-26 18:04:20.273  INFO 5708 --- [http-nio-8080-exec-7] corse_work.demo.CORS                     : ----CORS filter----
2018-04-26 18:04:20.275  INFO 5708 --- [http-nio-8080-exec-6] c.demo.controllers.TeacherController     : get Teacher by ID
2018-04-26 18:04:20.277  INFO 5708 --- [http-nio-8080-exec-7] c.demo.controllers.ExamController        : Get all exams by TeacherId...
2018-04-26 18:04:20.284  WARN 5708 --- [http-nio-8080-exec-7] com.zaxxer.hikari.pool.PoolBase          : HikariPool-1 - Failed to validate connection com.mysql.jdbc.JDBC4Connection@41ffb3a9 (No operations allowed after connection closed.)
2018-04-26 18:04:20.284  WARN 5708 --- [http-nio-8080-exec-6] com.zaxxer.hikari.pool.PoolBase          : HikariPool-1 - Failed to validate connection com.mysql.jdbc.JDBC4Connection@5ccf131b (No operations allowed after connection closed.)
2018-04-26 18:04:20.289  WARN 5708 --- [http-nio-8080-exec-6] com.zaxxer.hikari.pool.PoolBase          : HikariPool-1 - Failed to validate connection com.mysql.jdbc.JDBC4Connection@6dca21ef (No operations allowed after connection closed.)
2018-04-26 18:04:20.293  WARN 5708 --- [http-nio-8080-exec-7] com.zaxxer.hikari.pool.PoolBase          : HikariPool-1 - Failed to validate connection com.mysql.jdbc.JDBC4Connection@11f4ee63 (No operations allowed after connection closed.)
2018-04-26 18:04:20.295  WARN 5708 --- [http-nio-8080-exec-6] com.zaxxer.hikari.pool.PoolBase          : HikariPool-1 - Failed to validate connection com.mysql.jdbc.JDBC4Connection@3180ea28 (No operations allowed after connection closed.)
2018-04-26 18:04:20.297  WARN 5708 --- [http-nio-8080-exec-6] com.zaxxer.hikari.pool.PoolBase          : HikariPool-1 - Failed to validate connection com.mysql.jdbc.JDBC4Connection@7f9aac11 (No operations allowed after connection closed.)
2018-04-26 18:04:20.303  WARN 5708 --- [http-nio-8080-exec-7] com.zaxxer.hikari.pool.PoolBase          : HikariPool-1 - Failed to validate connection com.mysql.jdbc.JDBC4Connection@44ccc750 (No operations allowed after connection closed.)
2018-04-26 18:04:20.305  WARN 5708 --- [http-nio-8080-exec-6] com.zaxxer.hikari.pool.PoolBase          : HikariPool-1 - Failed to validate connection com.mysql.jdbc.JDBC4Connection@5be92f32 (No operations allowed after connection closed.)
2018-04-26 18:04:20.308  WARN 5708 --- [http-nio-8080-exec-7] com.zaxxer.hikari.pool.PoolBase          : HikariPool-1 - Failed to validate connection com.mysql.jdbc.JDBC4Connection@7812569b (No operations allowed after connection closed.)
2018-04-26 18:04:20.308  WARN 5708 --- [http-nio-8080-exec-6] com.zaxxer.hikari.pool.PoolBase          : HikariPool-1 - Failed to validate connection com.mysql.jdbc.JDBC4Connection@6790a8f9 (No operations allowed after connection closed.)
2018-04-26 18:23:31.040  INFO 5708 --- [http-nio-8080-exec-5] corse_work.demo.CORS                     : ----CORS filter----
2018-04-26 18:23:31.046  WARN 5708 --- [http-nio-8080-exec-5] o.s.web.servlet.PageNotFound             : No mapping found for HTTP request with URI [/chef/null/checkConnect] in DispatcherServlet with name 'dispatcherServlet'
2018-04-26 18:25:04.865  INFO 5708 --- [http-nio-8080-exec-10] corse_work.demo.CORS                     : ----CORS filter----
2018-04-26 18:25:04.870  WARN 5708 --- [http-nio-8080-exec-10] o.s.web.servlet.PageNotFound             : No mapping found for HTTP request with URI [/chef/null/checkConnect] in DispatcherServlet with name 'dispatcherServlet'
2018-04-26 19:21:08.657  WARN 5708 --- [HikariPool-1 housekeeper] com.zaxxer.hikari.pool.HikariPool        : HikariPool-1 - Thread starvation or clock leap detected (housekeeper delta=26m1s310ms636µs76ns).
